#
# There is insufficient memory for the Java Runtime Environment to continue.
# Native memory allocation (malloc) failed to allocate 456816 bytes. Error detail: Chunk::new
# Possible reasons:
#   The system is out of physical RAM or swap space
#   This process is running with CompressedOops enabled, and the Java Heap may be blocking the growth of the native heap
# Possible solutions:
#   Reduce memory load on the system
#   Increase physical memory or swap space
#   Check if swap backing store is full
#   Decrease Java heap size (-Xmx/-Xms)
#   Decrease number of Java threads
#   Decrease Java thread stack sizes (-Xss)
#   Set larger code cache with -XX:ReservedCodeCacheSize=
#   JVM is running with Unscaled Compressed Oops mode in which the Java heap is
#     placed in the first 4GB address space. The Java Heap base address is the
#     maximum limit for the native heap growth. Please use -XX:HeapBaseMinAddress
#     to set the Java Heap base and to place the Java Heap above 4GB virtual address.
# This output file may be truncated or incomplete.
#
#  Out of Memory Error (arena.cpp:168), pid=21240, tid=10784
#
# JRE version: OpenJDK Runtime Environment Temurin-21.0.9+10 (21.0.9+10) (build 21.0.9+10-LTS)
# Java VM: OpenJDK 64-Bit Server VM Temurin-21.0.9+10 (21.0.9+10-LTS, mixed mode, sharing, tiered, compressed oops, compressed class ptrs, parallel gc, windows-amd64)
# No core dump will be written. Minidumps are not enabled by default on client versions of Windows
#

---------------  S U M M A R Y ------------

Command Line: --add-modules=ALL-SYSTEM --add-opens=java.base/java.util=ALL-UNNAMED --add-opens=java.base/java.lang=ALL-UNNAMED --add-opens=java.base/sun.nio.fs=ALL-UNNAMED -Declipse.application=org.eclipse.jdt.ls.core.id1 -Dosgi.bundles.defaultStartLevel=4 -Declipse.product=org.eclipse.jdt.ls.core.product -Djava.import.generatesMetadataFilesAtProjectRoot=false -DDetectVMInstallationsJob.disabled=true -Dfile.encoding=utf8 -XX:+UseParallelGC -XX:GCTimeRatio=4 -XX:AdaptiveSizePolicyWeight=90 -Dsun.zip.disableMemoryMapping=true -Xmx2G -Xms100m -Xlog:disable -javaagent:c:\Users\jungm\.vscode\extensions\redhat.java-1.52.0-win32-x64\lombok\lombok-1.18.39-4050.jar -XX:+HeapDumpOnOutOfMemoryError -XX:HeapDumpPath=c:\Users\jungm\AppData\Roaming\Code\User\workspaceStorage\13ba4b384930c10f87a63ddda95ed11c\redhat.java -Daether.dependencyCollector.impl=bf c:\Users\jungm\.vscode\extensions\redhat.java-1.52.0-win32-x64\server\plugins\org.eclipse.equinox.launcher_1.7.100.v20251111-0406.jar -configuration c:\Users\jungm\AppData\Roaming\Code\User\globalStorage\redhat.java\1.52.0\config_win -data c:\Users\jungm\AppData\Roaming\Code\User\workspaceStorage\13ba4b384930c10f87a63ddda95ed11c\redhat.java\jdt_ws --pipe=\\.\pipe\lsp-b6f585b86f683e0a39f9b117a2c0c674-sock

Host: Intel(R) Core(TM) i7-10700 CPU @ 2.90GHz, 16 cores, 31G,  Windows 10 , 64 bit Build 19041 (10.0.19041.5915)
Time: Wed Feb  4 07:05:30 2026 elapsed time: 16.693667 seconds (0d 0h 0m 16s)

---------------  T H R E A D  ---------------

Current thread (0x000001a1793c2df0):  JavaThread "C2 CompilerThread2" daemon [_thread_in_native, id=10784, stack(0x0000004d56d00000,0x0000004d56e00000) (1024K)]


Current CompileTask:
C2:16694 5902 %     4       java.io.BufferedReader::implReadLine @ 125 (301 bytes)

Stack: [0x0000004d56d00000,0x0000004d56e00000]
Native frames: (J=compiled Java code, j=interpreted, Vv=VM code, C=native code)
V  [jvm.dll+0x6d6e29]
V  [jvm.dll+0x8b4b76]
V  [jvm.dll+0x8b712e]
V  [jvm.dll+0x8b7813]
V  [jvm.dll+0x283d86]
V  [jvm.dll+0xc66ed]
V  [jvm.dll+0xc6c31]
V  [jvm.dll+0x2facee]
V  [jvm.dll+0x5fde44]
V  [jvm.dll+0x255557]
V  [jvm.dll+0x25591d]
V  [jvm.dll+0x24df40]
V  [jvm.dll+0x24b482]
V  [jvm.dll+0x1cb13e]
V  [jvm.dll+0x25b29d]
V  [jvm.dll+0x25982a]
V  [jvm.dll+0x3f7ea6]
V  [jvm.dll+0x85e9ad]
V  [jvm.dll+0x6d565d]
C  [ucrtbase.dll+0x21bb2]
C  [KERNEL32.DLL+0x17374]
C  [ntdll.dll+0x4cc91]


---------------  P R O C E S S  ---------------

Threads class SMR info:
_java_thread_list=0x000001a17eac5cc0, length=55, elements={
0x000001a1592225d0, 0x000001a171ef7740, 0x000001a1732c38c0, 0x000001a1732c52b0,
0x000001a15b4ef170, 0x000001a15b4f1390, 0x000001a15b4f7800, 0x000001a15b4fd490,
0x000001a171ef7fa0, 0x000001a15b4f8520, 0x000001a15b4f5dc0, 0x000001a15b4f8bb0,
0x000001a15b4f5730, 0x000001a15b4f6450, 0x000001a15b4f7e90, 0x000001a15b4f7170,
0x000001a179a81f70, 0x000001a17946a6a0, 0x000001a1793c2df0, 0x000001a1791f1c00,
0x000001a1796c54c0, 0x000001a1796c5b60, 0x000001a179a85a80, 0x000001a179a84040,
0x000001a179a818e0, 0x000001a179a84d60, 0x000001a179a853f0, 0x000001a179a83320,
0x000001a17bcb08b0, 0x000001a17bd4f6a0, 0x000001a179a80bc0, 0x000001a179a867a0,
0x000001a179a86110, 0x000001a179a82c90, 0x000001a179a86e30, 0x000001a179a874c0,
0x000001a179a87b50, 0x000001a179a881e0, 0x000001a179a81250, 0x000001a179a82600,
0x000001a179a839b0, 0x000001a17afa8800, 0x000001a17afa6dc0, 0x000001a17afa32b0,
0x000001a17afa60a0, 0x000001a17afa7450, 0x000001a17afa3fd0, 0x000001a17afa4660,
0x000001a17afa4cf0, 0x000001a17bd4cdc0, 0x000001a17bd4e230, 0x000001a17bd4c6f0,
0x000001a17afa7ae0, 0x000001a17afa3940, 0x000001a17afa8e90
}

Java Threads: ( => current thread )
  0x000001a1592225d0 JavaThread "main"                              [_thread_blocked, id=2928, stack(0x0000004d54d00000,0x0000004d54e00000) (1024K)]
  0x000001a171ef7740 JavaThread "Reference Handler"          daemon [_thread_blocked, id=27500, stack(0x0000004d55100000,0x0000004d55200000) (1024K)]
  0x000001a1732c38c0 JavaThread "Finalizer"                  daemon [_thread_blocked, id=904, stack(0x0000004d55200000,0x0000004d55300000) (1024K)]
  0x000001a1732c52b0 JavaThread "Signal Dispatcher"          daemon [_thread_blocked, id=54548, stack(0x0000004d55300000,0x0000004d55400000) (1024K)]
  0x000001a15b4ef170 JavaThread "Attach Listener"            daemon [_thread_blocked, id=28876, stack(0x0000004d55400000,0x0000004d55500000) (1024K)]
  0x000001a15b4f1390 JavaThread "Service Thread"             daemon [_thread_blocked, id=46984, stack(0x0000004d55500000,0x0000004d55600000) (1024K)]
  0x000001a15b4f7800 JavaThread "Monitor Deflation Thread"   daemon [_thread_blocked, id=25240, stack(0x0000004d55600000,0x0000004d55700000) (1024K)]
  0x000001a15b4fd490 JavaThread "C2 CompilerThread0"         daemon [_thread_in_native, id=30960, stack(0x0000004d55700000,0x0000004d55800000) (1024K)]
  0x000001a171ef7fa0 JavaThread "C1 CompilerThread0"         daemon [_thread_in_native, id=20540, stack(0x0000004d55800000,0x0000004d55900000) (1024K)]
  0x000001a15b4f8520 JavaThread "Common-Cleaner"             daemon [_thread_blocked, id=53276, stack(0x0000004d55c00000,0x0000004d55d00000) (1024K)]
  0x000001a15b4f5dc0 JavaThread "Notification Thread"        daemon [_thread_blocked, id=47820, stack(0x0000004d55e00000,0x0000004d55f00000) (1024K)]
  0x000001a15b4f8bb0 JavaThread "Active Thread: Equinox Container: d59acc72-44a7-4a23-91db-a99e38824f4f"        [_thread_blocked, id=37144, stack(0x0000004d56700000,0x0000004d56800000) (1024K)]
  0x000001a15b4f5730 JavaThread "Refresh Thread: Equinox Container: d59acc72-44a7-4a23-91db-a99e38824f4f" daemon [_thread_blocked, id=14728, stack(0x0000004d55a00000,0x0000004d55b00000) (1024K)]
  0x000001a15b4f6450 JavaThread "Framework Event Dispatcher: Equinox Container: d59acc72-44a7-4a23-91db-a99e38824f4f" daemon [_thread_blocked, id=15036, stack(0x0000004d55b00000,0x0000004d55c00000) (1024K)]
  0x000001a15b4f7e90 JavaThread "Start Level: Equinox Container: d59acc72-44a7-4a23-91db-a99e38824f4f" daemon [_thread_blocked, id=52452, stack(0x0000004d55d00000,0x0000004d55e00000) (1024K)]
  0x000001a15b4f7170 JavaThread "Bundle File Closer"         daemon [_thread_blocked, id=46516, stack(0x0000004d56b00000,0x0000004d56c00000) (1024K)]
  0x000001a179a81f70 JavaThread "SCR Component Actor"        daemon [_thread_blocked, id=6716, stack(0x0000004d56a00000,0x0000004d56b00000) (1024K)]
  0x000001a17946a6a0 JavaThread "C2 CompilerThread1"         daemon [_thread_in_native, id=50104, stack(0x0000004d56c00000,0x0000004d56d00000) (1024K)]
=>0x000001a1793c2df0 JavaThread "C2 CompilerThread2"         daemon [_thread_in_native, id=10784, stack(0x0000004d56d00000,0x0000004d56e00000) (1024K)]
  0x000001a1791f1c00 JavaThread "C1 CompilerThread1"         daemon [_thread_blocked, id=6936, stack(0x0000004d57000000,0x0000004d57100000) (1024K)]
  0x000001a1796c54c0 JavaThread "C1 CompilerThread2"         daemon [_thread_blocked, id=1408, stack(0x0000004d57100000,0x0000004d57200000) (1024K)]
  0x000001a1796c5b60 JavaThread "C1 CompilerThread3"         daemon [_thread_blocked, id=15676, stack(0x0000004d57200000,0x0000004d57300000) (1024K)]
  0x000001a179a85a80 JavaThread "Worker-JM"                         [_thread_blocked, id=27376, stack(0x0000004d57300000,0x0000004d57400000) (1024K)]
  0x000001a179a84040 JavaThread "JNA Cleaner"                daemon [_thread_blocked, id=20748, stack(0x0000004d57500000,0x0000004d57600000) (1024K)]
  0x000001a179a818e0 JavaThread "Worker-0: Loading available Gradle versions"        [_thread_in_native, id=17772, stack(0x0000004d56e00000,0x0000004d56f00000) (1024K)]
  0x000001a179a84d60 JavaThread "Worker-1: Initialize After Load"        [_thread_blocked, id=28912, stack(0x0000004d56f00000,0x0000004d57000000) (1024K)]
  0x000001a179a853f0 JavaThread "Java indexing"              daemon [_thread_blocked, id=19460, stack(0x0000004d57600000,0x0000004d57700000) (1024K)]
  0x000001a179a83320 JavaThread "Worker-2"                          [_thread_blocked, id=12964, stack(0x0000004d57700000,0x0000004d57800000) (1024K)]
  0x000001a17bcb08b0 JavaThread "C2 CompilerThread3"         daemon [_thread_in_native, id=49364, stack(0x0000004d57800000,0x0000004d57900000) (1024K)]
  0x000001a17bd4f6a0 JavaThread "C2 CompilerThread4"         daemon [_thread_in_native, id=43820, stack(0x0000004d57900000,0x0000004d57a00000) (1024K)]
  0x000001a179a80bc0 JavaThread "Worker-3: Updating Maven Dependencies"        [_thread_in_vm, id=29848, stack(0x0000004d57a00000,0x0000004d57b00000) (1024K)]
  0x000001a179a867a0 JavaThread "Thread-1"                   daemon [_thread_in_native, id=17004, stack(0x0000004d57b00000,0x0000004d57c00000) (1024K)]
  0x000001a179a86110 JavaThread "Thread-2"                   daemon [_thread_in_native, id=40264, stack(0x0000004d57c00000,0x0000004d57d00000) (1024K)]
  0x000001a179a82c90 JavaThread "Thread-3"                   daemon [_thread_in_native, id=34988, stack(0x0000004d57d00000,0x0000004d57e00000) (1024K)]
  0x000001a179a86e30 JavaThread "Thread-4"                   daemon [_thread_in_native, id=35956, stack(0x0000004d57e00000,0x0000004d57f00000) (1024K)]
  0x000001a179a874c0 JavaThread "Thread-5"                   daemon [_thread_in_native, id=14900, stack(0x0000004d57f00000,0x0000004d58000000) (1024K)]
  0x000001a179a87b50 JavaThread "Thread-6"                   daemon [_thread_in_native, id=50508, stack(0x0000004d58000000,0x0000004d58100000) (1024K)]
  0x000001a179a881e0 JavaThread "Thread-7"                   daemon [_thread_in_native, id=36956, stack(0x0000004d58100000,0x0000004d58200000) (1024K)]
  0x000001a179a81250 JavaThread "Thread-8"                   daemon [_thread_in_native, id=26512, stack(0x0000004d58200000,0x0000004d58300000) (1024K)]
  0x000001a179a82600 JavaThread "Thread-9"                   daemon [_thread_in_native, id=5948, stack(0x0000004d58300000,0x0000004d58400000) (1024K)]
  0x000001a179a839b0 JavaThread "Thread-10"                  daemon [_thread_in_native, id=28124, stack(0x0000004d58400000,0x0000004d58500000) (1024K)]
  0x000001a17afa8800 JavaThread "Thread-11"                  daemon [_thread_in_native, id=46584, stack(0x0000004d58500000,0x0000004d58600000) (1024K)]
  0x000001a17afa6dc0 JavaThread "Thread-12"                  daemon [_thread_in_native, id=55624, stack(0x0000004d58600000,0x0000004d58700000) (1024K)]
  0x000001a17afa32b0 JavaThread "Thread-13"                  daemon [_thread_in_native, id=47752, stack(0x0000004d58700000,0x0000004d58800000) (1024K)]
  0x000001a17afa60a0 JavaThread "Thread-14"                  daemon [_thread_in_native, id=56088, stack(0x0000004d58800000,0x0000004d58900000) (1024K)]
  0x000001a17afa7450 JavaThread "Thread-15"                  daemon [_thread_in_native, id=19484, stack(0x0000004d58900000,0x0000004d58a00000) (1024K)]
  0x000001a17afa3fd0 JavaThread "Thread-16"                  daemon [_thread_in_native, id=26908, stack(0x0000004d58a00000,0x0000004d58b00000) (1024K)]
  0x000001a17afa4660 JavaThread "Thread-17"                  daemon [_thread_in_native, id=15352, stack(0x0000004d58b00000,0x0000004d58c00000) (1024K)]
  0x000001a17afa4cf0 JavaThread "pool-2-thread-1"                   [_thread_blocked, id=46420, stack(0x0000004d58c00000,0x0000004d58d00000) (1024K)]
  0x000001a17bd4cdc0 JavaThread "C2 CompilerThread5"         daemon [_thread_in_native, id=56096, stack(0x0000004d58d00000,0x0000004d58e00000) (1024K)]
  0x000001a17bd4e230 JavaThread "C2 CompilerThread6"         daemon [_thread_in_native, id=7804, stack(0x0000004d58e00000,0x0000004d58f00000) (1024K)]
  0x000001a17bd4c6f0 JavaThread "C2 CompilerThread7"         daemon [_thread_in_native, id=32116, stack(0x0000004d58f00000,0x0000004d59000000) (1024K)]
  0x000001a17afa7ae0 JavaThread "Worker-4: Repository registry initialization"        [_thread_blocked, id=48488, stack(0x0000004d59000000,0x0000004d59100000) (1024K)]
  0x000001a17afa3940 JavaThread "WorkspaceEventsHandler"            [_thread_blocked, id=34320, stack(0x0000004d59200000,0x0000004d59300000) (1024K)]
  0x000001a17afa8e90 JavaThread "pool-1-thread-1"                   [_thread_in_Java, id=44808, stack(0x0000004d59300000,0x0000004d59400000) (1024K)]
Total: 55

Other Threads:
  0x000001a171ee3900 VMThread "VM Thread"                           [id=48008, stack(0x0000004d55000000,0x0000004d55100000) (1024K)]
  0x000001a171ddc3e0 WatcherThread "VM Periodic Task Thread"        [id=19500, stack(0x0000004d54f00000,0x0000004d55000000) (1024K)]
  0x000001a15b468f60 WorkerThread "GC Thread#0"                     [id=24740, stack(0x0000004d54e00000,0x0000004d54f00000) (1024K)]
  0x000001a17911ffc0 WorkerThread "GC Thread#1"                     [id=39688, stack(0x0000004d56100000,0x0000004d56200000) (1024K)]
  0x000001a179ae0c10 WorkerThread "GC Thread#2"                     [id=55764, stack(0x0000004d56200000,0x0000004d56300000) (1024K)]
  0x000001a179120360 WorkerThread "GC Thread#3"                     [id=40472, stack(0x0000004d56300000,0x0000004d56400000) (1024K)]
  0x000001a17978afe0 WorkerThread "GC Thread#4"                     [id=44828, stack(0x0000004d56400000,0x0000004d56500000) (1024K)]
  0x000001a17981fcf0 WorkerThread "GC Thread#5"                     [id=15988, stack(0x0000004d56500000,0x0000004d56600000) (1024K)]
  0x000001a1798208b0 WorkerThread "GC Thread#6"                     [id=33208, stack(0x0000004d56600000,0x0000004d56700000) (1024K)]
  0x000001a179a587e0 WorkerThread "GC Thread#7"                     [id=36848, stack(0x0000004d56800000,0x0000004d56900000) (1024K)]
  0x000001a179bc8c20 WorkerThread "GC Thread#8"                     [id=13952, stack(0x0000004d55f00000,0x0000004d56000000) (1024K)]
  0x000001a17994d660 WorkerThread "GC Thread#9"                     [id=13324, stack(0x0000004d56000000,0x0000004d56100000) (1024K)]
  0x000001a17994c7e0 WorkerThread "GC Thread#10"                    [id=35320, stack(0x0000004d56900000,0x0000004d56a00000) (1024K)]
  0x000001a17994cb80 WorkerThread "GC Thread#11"                    [id=8472, stack(0x0000004d55900000,0x0000004d55a00000) (1024K)]
  0x000001a17994c440 WorkerThread "GC Thread#12"                    [id=40440, stack(0x0000004d57400000,0x0000004d57500000) (1024K)]
Total: 15

Threads with active compile tasks:
C2 CompilerThread0  16760 5845       4       sun.security.util.math.intpoly.IntegerPolynomialP256::square (613 bytes)
C1 CompilerThread0  16760 6059       3       com.google.common.collect.AbstractIndexedListIterator::hasNext (17 bytes)
C2 CompilerThread1  16760 5781       4       org.eclipse.osgi.internal.loader.BundleLoader::addExportedProvidersFor (167 bytes)
C2 CompilerThread2  16761 5902 %     4       java.io.BufferedReader::implReadLine @ 125 (301 bytes)
C1 CompilerThread1  16761 6060       3       sun.security.provider.SHA5::lf_delta1 (21 bytes)
C1 CompilerThread3  16761 6067       3       java.lang.reflect.Field::setAccessible (21 bytes)
C2 CompilerThread3  16762 5851       4       sun.security.ec.point.ProjectivePoint$Mutable::conditionalSet (53 bytes)
C2 CompilerThread4  16762 6066       4       java.util.HashMap::put (13 bytes)
C2 CompilerThread5  16762 5656   !   4       org.eclipse.osgi.internal.loader.classpath.ClasspathManager::findClassImpl (328 bytes)
C2 CompilerThread6  16762 5964       4       sun.security.provider.SHA2::implCompress0 (448 bytes)
C2 CompilerThread7  16763 5565   !   4       org.eclipse.osgi.internal.loader.classpath.ClasspathManager::findLocalClass (210 bytes)
Total: 11

VM state: not at safepoint (normal execution)

VM Mutex/Monitor currently owned by a thread: None

Heap address: 0x0000000080000000, size: 2048 MB, Compressed Oops mode: 32-bit

CDS archive(s) mapped at: [0x000001a100000000-0x000001a100ba0000-0x000001a100ba0000), size 12189696, SharedBaseAddress: 0x000001a100000000, ArchiveRelocationMode: 1.
Compressed class space mapped at: 0x000001a101000000-0x000001a141000000, reserved size: 1073741824
Narrow klass base: 0x000001a100000000, Narrow klass shift: 0, Narrow klass range: 0x100000000

GC Precious Log:
 CardTable entry size: 512
 CPUs: 16 total, 16 available
 Memory: 32690M
 Large Page Support: Disabled
 NUMA Support: Disabled
 Compressed Oops: Enabled (32-bit)
 Alignments: Space 512K, Generation 512K, Heap 2M
 Heap Min Capacity: 100M
 Heap Initial Capacity: 100M
 Heap Max Capacity: 2G
 Pre-touch: Disabled
 Parallel Workers: 13

Heap:
 PSYoungGen      total 22528K, used 12316K [0x00000000d5580000, 0x00000000d6d00000, 0x0000000100000000)
  eden space 20992K, 53% used [0x00000000d5580000,0x00000000d6072d30,0x00000000d6a00000)
  from space 1536K, 71% used [0x00000000d6a80000,0x00000000d6b94358,0x00000000d6c00000)
  to   space 1024K, 0% used [0x00000000d6c00000,0x00000000d6c00000,0x00000000d6d00000)
 ParOldGen       total 68608K, used 23767K [0x0000000080000000, 0x0000000084300000, 0x00000000d5580000)
  object space 68608K, 34% used [0x0000000080000000,0x0000000081735da8,0x0000000084300000)
 Metaspace       used 41142K, committed 42176K, reserved 1114112K
  class space    used 4321K, committed 4736K, reserved 1048576K

Card table byte_map: [0x000001a15adf0000,0x000001a15b200000] _byte_map_base: 0x000001a15a9f0000

Marking Bits: (ParMarkBitMap*) 0x00007ffedd432460
 Begin Bits: [0x000001a16d900000, 0x000001a16f900000)
 End Bits:   [0x000001a16f900000, 0x000001a171900000)

Polling page: 0x000001a1591c0000

Metaspace:

Usage:
  Non-class:     35.96 MB used.
      Class:      4.22 MB used.
       Both:     40.18 MB used.

Virtual space:
  Non-class space:       64.00 MB reserved,      36.56 MB ( 57%) committed,  1 nodes.
      Class space:        1.00 GB reserved,       4.62 MB ( <1%) committed,  1 nodes.
             Both:        1.06 GB reserved,      41.19 MB (  4%) committed. 

Chunk freelists:
   Non-Class:  11.15 MB
       Class:  11.38 MB
        Both:  22.52 MB

MaxMetaspaceSize: unlimited
CompressedClassSpaceSize: 1.00 GB
Initial GC threshold: 21.00 MB
Current GC threshold: 58.38 MB
CDS: on
 - commit_granule_bytes: 65536.
 - commit_granule_words: 8192.
 - virtual_space_node_default_size: 8388608.
 - enlarge_chunks_in_place: 1.
 - use_allocation_guard: 0.


Internal statistics:

num_allocs_failed_limit: 6.
num_arena_births: 754.
num_arena_deaths: 14.
num_vsnodes_births: 2.
num_vsnodes_deaths: 0.
num_space_committed: 659.
num_space_uncommitted: 0.
num_chunks_returned_to_freelist: 20.
num_chunks_taken_from_freelist: 2377.
num_chunk_merges: 7.
num_chunk_splits: 1456.
num_chunks_enlarged: 873.
num_inconsistent_stats: 0.

CodeHeap 'non-profiled nmethods': size=119168Kb used=2755Kb max_used=2755Kb free=116412Kb
 bounds [0x000001a1661f0000, 0x000001a1664b0000, 0x000001a16d650000]
CodeHeap 'profiled nmethods': size=119104Kb used=11556Kb max_used=11556Kb free=107547Kb
 bounds [0x000001a15e650000, 0x000001a15f1b0000, 0x000001a165aa0000]
CodeHeap 'non-nmethods': size=7488Kb used=3088Kb max_used=3218Kb free=4399Kb
 bounds [0x000001a165aa0000, 0x000001a165dd0000, 0x000001a1661f0000]
CodeCache: size=245760Kb, used=17399Kb, max_used=17529Kb, free=228358Kb
 total_blobs=6163, nmethods=5462, adapters=604, full_count=0
Compilation: enabled, stopped_count=0, restarted_count=0

Compilation events (20 events):
Event: 16.681 Thread 0x000001a17bd4e230 nmethod 5824 0x000001a16627bd10 code [0x000001a16627bec0, 0x000001a16627c098]
Event: 16.681 Thread 0x000001a17bd4e230 5825       4       sun.security.util.math.intpoly.IntegerPolynomial$MutableElement::setValue (6 bytes)
Event: 16.682 Thread 0x000001a17bd4e230 nmethod 5825 0x000001a16627b890 code [0x000001a16627ba20, 0x000001a16627bbc8]
Event: 16.682 Thread 0x000001a17bd4e230 5826       4       sun.security.util.math.intpoly.IntegerPolynomial$MutableElement::setValue (60 bytes)
Event: 16.684 Thread 0x000001a17bd4e230 nmethod 5826 0x000001a16627b410 code [0x000001a16627b5a0, 0x000001a16627b748]
Event: 16.684 Thread 0x000001a17bd4e230 5832       4       sun.security.util.math.intpoly.IntegerPolynomial$MutableElement::conditionalSet (53 bytes)
Event: 16.684 Thread 0x000001a1796c54c0 5944       3       java.lang.Class$Atomic::casReflectionData (13 bytes)
Event: 16.684 Thread 0x000001a1796c54c0 nmethod 5944 0x000001a15e6fe810 code [0x000001a15e6fe9a0, 0x000001a15e6feac0]
Event: 16.686 Thread 0x000001a1796c5b60 5946       1       com.google.gson.reflect.TypeToken::getType (5 bytes)
Event: 16.686 Thread 0x000001a1796c5b60 nmethod 5946 0x000001a166270990 code [0x000001a166270b20, 0x000001a166270be8]
Event: 16.686 Thread 0x000001a1796c5b60 5947       3       com.google.gson.internal.bind.TypeAdapters$29::create (20 bytes)
Event: 16.686 Thread 0x000001a171ef7fa0 5948       1       com.google.gson.reflect.TypeToken::hashCode (5 bytes)
Event: 16.686 Thread 0x000001a1796c5b60 nmethod 5947 0x000001a15e6fe410 code [0x000001a15e6fe5c0, 0x000001a15e6fe768]
Event: 16.686 Thread 0x000001a171ef7fa0 nmethod 5948 0x000001a16627b110 code [0x000001a16627b2a0, 0x000001a16627b368]
Event: 16.687 Thread 0x000001a171ef7fa0 5949       3       java.lang.Class::isLocalOrAnonymousClass (5 bytes)
Event: 16.687 Thread 0x000001a1796c5b60 5950       3       java.lang.Class::hasEnclosingMethodInfo (17 bytes)
Event: 16.687 Thread 0x000001a1796c54c0 5951       3       java.lang.reflect.Modifier::isSynthetic (14 bytes)
Event: 16.687 Thread 0x000001a1796c5b60 nmethod 5950 0x000001a15e6fdf90 code [0x000001a15e6fe160, 0x000001a15e6fe320]
Event: 16.687 Thread 0x000001a171ef7fa0 nmethod 5949 0x000001a15e6fda90 code [0x000001a15e6fdc60, 0x000001a15e6fde60]
Event: 16.687 Thread 0x000001a1796c54c0 nmethod 5951 0x000001a15e6fd710 code [0x000001a15e6fd8a0, 0x000001a15e6fd9e8]

GC Heap History (20 events):
Event: 15.655 GC heap before
{Heap before GC invocations=10 (full 1):
 PSYoungGen      total 27648K, used 22528K [0x00000000d5580000, 0x00000000d7700000, 0x0000000100000000)
  eden space 22528K, 100% used [0x00000000d5580000,0x00000000d6b80000,0x00000000d6b80000)
  from space 5120K, 0% used [0x00000000d7200000,0x00000000d7200000,0x00000000d7700000)
  to   space 5632K, 0% used [0x00000000d6c00000,0x00000000d6c00000,0x00000000d7180000)
 ParOldGen       total 68608K, used 15605K [0x0000000080000000, 0x0000000084300000, 0x00000000d5580000)
  object space 68608K, 22% used [0x0000000080000000,0x0000000080f3d710,0x0000000084300000)
 Metaspace       used 22662K, committed 23552K, reserved 1114112K
  class space    used 2325K, committed 2688K, reserved 1048576K
}
Event: 15.656 GC heap after
{Heap after GC invocations=10 (full 1):
 PSYoungGen      total 23552K, used 1134K [0x00000000d5580000, 0x00000000d7280000, 0x0000000100000000)
  eden space 22016K, 0% used [0x00000000d5580000,0x00000000d5580000,0x00000000d6b00000)
  from space 1536K, 73% used [0x00000000d6c00000,0x00000000d6d1b950,0x00000000d6d80000)
  to   space 3072K, 0% used [0x00000000d6f80000,0x00000000d6f80000,0x00000000d7280000)
 ParOldGen       total 68608K, used 15613K [0x0000000080000000, 0x0000000084300000, 0x00000000d5580000)
  object space 68608K, 22% used [0x0000000080000000,0x0000000080f3f710,0x0000000084300000)
 Metaspace       used 22662K, committed 23552K, reserved 1114112K
  class space    used 2325K, committed 2688K, reserved 1048576K
}
Event: 15.759 GC heap before
{Heap before GC invocations=11 (full 1):
 PSYoungGen      total 23552K, used 23150K [0x00000000d5580000, 0x00000000d7280000, 0x0000000100000000)
  eden space 22016K, 100% used [0x00000000d5580000,0x00000000d6b00000,0x00000000d6b00000)
  from space 1536K, 73% used [0x00000000d6c00000,0x00000000d6d1b950,0x00000000d6d80000)
  to   space 3072K, 0% used [0x00000000d6f80000,0x00000000d6f80000,0x00000000d7280000)
 ParOldGen       total 68608K, used 15613K [0x0000000080000000, 0x0000000084300000, 0x00000000d5580000)
  object space 68608K, 22% used [0x0000000080000000,0x0000000080f3f710,0x0000000084300000)
 Metaspace       used 26003K, committed 26880K, reserved 1114112K
  class space    used 2568K, committed 2944K, reserved 1048576K
}
Event: 15.759 GC heap after
{Heap after GC invocations=11 (full 1):
 PSYoungGen      total 23552K, used 1316K [0x00000000d5580000, 0x00000000d7100000, 0x0000000100000000)
  eden space 22016K, 0% used [0x00000000d5580000,0x00000000d5580000,0x00000000d6b00000)
  from space 1536K, 85% used [0x00000000d6f80000,0x00000000d70c91d0,0x00000000d7100000)
  to   space 1536K, 0% used [0x00000000d6c00000,0x00000000d6c00000,0x00000000d6d80000)
 ParOldGen       total 68608K, used 15621K [0x0000000080000000, 0x0000000084300000, 0x00000000d5580000)
  object space 68608K, 22% used [0x0000000080000000,0x0000000080f41710,0x0000000084300000)
 Metaspace       used 26003K, committed 26880K, reserved 1114112K
  class space    used 2568K, committed 2944K, reserved 1048576K
}
Event: 15.907 GC heap before
{Heap before GC invocations=12 (full 1):
 PSYoungGen      total 23552K, used 23332K [0x00000000d5580000, 0x00000000d7100000, 0x0000000100000000)
  eden space 22016K, 100% used [0x00000000d5580000,0x00000000d6b00000,0x00000000d6b00000)
  from space 1536K, 85% used [0x00000000d6f80000,0x00000000d70c91d0,0x00000000d7100000)
  to   space 1536K, 0% used [0x00000000d6c00000,0x00000000d6c00000,0x00000000d6d80000)
 ParOldGen       total 68608K, used 15621K [0x0000000080000000, 0x0000000084300000, 0x00000000d5580000)
  object space 68608K, 22% used [0x0000000080000000,0x0000000080f41710,0x0000000084300000)
 Metaspace       used 27212K, committed 28096K, reserved 1114112K
  class space    used 2646K, committed 3008K, reserved 1048576K
}
Event: 15.908 GC heap after
{Heap after GC invocations=12 (full 1):
 PSYoungGen      total 23552K, used 1531K [0x00000000d5580000, 0x00000000d7300000, 0x0000000100000000)
  eden space 22016K, 0% used [0x00000000d5580000,0x00000000d5580000,0x00000000d6b00000)
  from space 1536K, 99% used [0x00000000d6c00000,0x00000000d6d7eda0,0x00000000d6d80000)
  to   space 4096K, 0% used [0x00000000d6f00000,0x00000000d6f00000,0x00000000d7300000)
 ParOldGen       total 68608K, used 17531K [0x0000000080000000, 0x0000000084300000, 0x00000000d5580000)
  object space 68608K, 25% used [0x0000000080000000,0x000000008111ecd8,0x0000000084300000)
 Metaspace       used 27212K, committed 28096K, reserved 1114112K
  class space    used 2646K, committed 3008K, reserved 1048576K
}
Event: 16.177 GC heap before
{Heap before GC invocations=13 (full 1):
 PSYoungGen      total 23552K, used 23547K [0x00000000d5580000, 0x00000000d7300000, 0x0000000100000000)
  eden space 22016K, 100% used [0x00000000d5580000,0x00000000d6b00000,0x00000000d6b00000)
  from space 1536K, 99% used [0x00000000d6c00000,0x00000000d6d7eda0,0x00000000d6d80000)
  to   space 4096K, 0% used [0x00000000d6f00000,0x00000000d6f00000,0x00000000d7300000)
 ParOldGen       total 68608K, used 17531K [0x0000000080000000, 0x0000000084300000, 0x00000000d5580000)
  object space 68608K, 25% used [0x0000000080000000,0x000000008111ecd8,0x0000000084300000)
 Metaspace       used 30377K, committed 31424K, reserved 1114112K
  class space    used 2966K, committed 3392K, reserved 1048576K
}
Event: 16.179 GC heap after
{Heap after GC invocations=13 (full 1):
 PSYoungGen      total 24576K, used 2393K [0x00000000d5580000, 0x00000000d7180000, 0x0000000100000000)
  eden space 22016K, 0% used [0x00000000d5580000,0x00000000d5580000,0x00000000d6b00000)
  from space 2560K, 93% used [0x00000000d6f00000,0x00000000d7156410,0x00000000d7180000)
  to   space 3072K, 0% used [0x00000000d6b80000,0x00000000d6b80000,0x00000000d6e80000)
 ParOldGen       total 68608K, used 18946K [0x0000000080000000, 0x0000000084300000, 0x00000000d5580000)
  object space 68608K, 27% used [0x0000000080000000,0x0000000081280a18,0x0000000084300000)
 Metaspace       used 30377K, committed 31424K, reserved 1114112K
  class space    used 2966K, committed 3392K, reserved 1048576K
}
Event: 16.278 GC heap before
{Heap before GC invocations=14 (full 1):
 PSYoungGen      total 24576K, used 24409K [0x00000000d5580000, 0x00000000d7180000, 0x0000000100000000)
  eden space 22016K, 100% used [0x00000000d5580000,0x00000000d6b00000,0x00000000d6b00000)
  from space 2560K, 93% used [0x00000000d6f00000,0x00000000d7156410,0x00000000d7180000)
  to   space 3072K, 0% used [0x00000000d6b80000,0x00000000d6b80000,0x00000000d6e80000)
 ParOldGen       total 68608K, used 18946K [0x0000000080000000, 0x0000000084300000, 0x00000000d5580000)
  object space 68608K, 27% used [0x0000000080000000,0x0000000081280a18,0x0000000084300000)
 Metaspace       used 32957K, committed 34048K, reserved 1114112K
  class space    used 3282K, committed 3712K, reserved 1048576K
}
Event: 16.280 GC heap after
{Heap after GC invocations=14 (full 1):
 PSYoungGen      total 23040K, used 1024K [0x00000000d5580000, 0x00000000d6f80000, 0x0000000100000000)
  eden space 22016K, 0% used [0x00000000d5580000,0x00000000d5580000,0x00000000d6b00000)
  from space 1024K, 100% used [0x00000000d6b80000,0x00000000d6c80000,0x00000000d6c80000)
  to   space 2048K, 0% used [0x00000000d6d80000,0x00000000d6d80000,0x00000000d6f80000)
 ParOldGen       total 68608K, used 21141K [0x0000000080000000, 0x0000000084300000, 0x00000000d5580000)
  object space 68608K, 30% used [0x0000000080000000,0x00000000814a55e0,0x0000000084300000)
 Metaspace       used 32957K, committed 34048K, reserved 1114112K
  class space    used 3282K, committed 3712K, reserved 1048576K
}
Event: 16.370 GC heap before
{Heap before GC invocations=15 (full 1):
 PSYoungGen      total 23040K, used 23040K [0x00000000d5580000, 0x00000000d6f80000, 0x0000000100000000)
  eden space 22016K, 100% used [0x00000000d5580000,0x00000000d6b00000,0x00000000d6b00000)
  from space 1024K, 100% used [0x00000000d6b80000,0x00000000d6c80000,0x00000000d6c80000)
  to   space 2048K, 0% used [0x00000000d6d80000,0x00000000d6d80000,0x00000000d6f80000)
 ParOldGen       total 68608K, used 21141K [0x0000000080000000, 0x0000000084300000, 0x00000000d5580000)
  object space 68608K, 30% used [0x0000000080000000,0x00000000814a55e0,0x0000000084300000)
 Metaspace       used 34537K, committed 35584K, reserved 1114112K
  class space    used 3452K, committed 3904K, reserved 1048576K
}
Event: 16.372 GC heap after
{Heap after GC invocations=15 (full 1):
 PSYoungGen      total 23040K, used 2032K [0x00000000d5580000, 0x00000000d7200000, 0x0000000100000000)
  eden space 20992K, 0% used [0x00000000d5580000,0x00000000d5580000,0x00000000d6a00000)
  from space 2048K, 99% used [0x00000000d6d80000,0x00000000d6f7c080,0x00000000d6f80000)
  to   space 3584K, 0% used [0x00000000d6a00000,0x00000000d6a00000,0x00000000d6d80000)
 ParOldGen       total 68608K, used 21992K [0x0000000080000000, 0x0000000084300000, 0x00000000d5580000)
  object space 68608K, 32% used [0x0000000080000000,0x000000008157a190,0x0000000084300000)
 Metaspace       used 34537K, committed 35584K, reserved 1114112K
  class space    used 3452K, committed 3904K, reserved 1048576K
}
Event: 16.381 GC heap before
{Heap before GC invocations=16 (full 1):
 PSYoungGen      total 23040K, used 4371K [0x00000000d5580000, 0x00000000d7200000, 0x0000000100000000)
  eden space 20992K, 11% used [0x00000000d5580000,0x00000000d57c8df8,0x00000000d6a00000)
  from space 2048K, 99% used [0x00000000d6d80000,0x00000000d6f7c080,0x00000000d6f80000)
  to   space 3584K, 0% used [0x00000000d6a00000,0x00000000d6a00000,0x00000000d6d80000)
 ParOldGen       total 68608K, used 21992K [0x0000000080000000, 0x0000000084300000, 0x00000000d5580000)
  object space 68608K, 32% used [0x0000000080000000,0x000000008157a190,0x0000000084300000)
 Metaspace       used 34768K, committed 35840K, reserved 1114112K
  class space    used 3480K, committed 3968K, reserved 1048576K
}
Event: 16.383 GC heap after
{Heap after GC invocations=16 (full 1):
 PSYoungGen      total 21504K, used 480K [0x00000000d5580000, 0x00000000d6e00000, 0x0000000100000000)
  eden space 20992K, 0% used [0x00000000d5580000,0x00000000d5580000,0x00000000d6a00000)
  from space 512K, 93% used [0x00000000d6a00000,0x00000000d6a78000,0x00000000d6a80000)
  to   space 1536K, 0% used [0x00000000d6c80000,0x00000000d6c80000,0x00000000d6e00000)
 ParOldGen       total 68608K, used 23902K [0x0000000080000000, 0x0000000084300000, 0x00000000d5580000)
  object space 68608K, 34% used [0x0000000080000000,0x0000000081757b40,0x0000000084300000)
 Metaspace       used 34768K, committed 35840K, reserved 1114112K
  class space    used 3480K, committed 3968K, reserved 1048576K
}
Event: 16.383 GC heap before
{Heap before GC invocations=17 (full 2):
 PSYoungGen      total 21504K, used 480K [0x00000000d5580000, 0x00000000d6e00000, 0x0000000100000000)
  eden space 20992K, 0% used [0x00000000d5580000,0x00000000d5580000,0x00000000d6a00000)
  from space 512K, 93% used [0x00000000d6a00000,0x00000000d6a78000,0x00000000d6a80000)
  to   space 1536K, 0% used [0x00000000d6c80000,0x00000000d6c80000,0x00000000d6e00000)
 ParOldGen       total 68608K, used 23902K [0x0000000080000000, 0x0000000084300000, 0x00000000d5580000)
  object space 68608K, 34% used [0x0000000080000000,0x0000000081757b40,0x0000000084300000)
 Metaspace       used 34768K, committed 35840K, reserved 1114112K
  class space    used 3480K, committed 3968K, reserved 1048576K
}
Event: 16.406 GC heap after
{Heap after GC invocations=17 (full 2):
 PSYoungGen      total 21504K, used 0K [0x00000000d5580000, 0x00000000d6e00000, 0x0000000100000000)
  eden space 20992K, 0% used [0x00000000d5580000,0x00000000d5580000,0x00000000d6a00000)
  from space 512K, 0% used [0x00000000d6a00000,0x00000000d6a00000,0x00000000d6a80000)
  to   space 1536K, 0% used [0x00000000d6c80000,0x00000000d6c80000,0x00000000d6e00000)
 ParOldGen       total 68608K, used 23063K [0x0000000080000000, 0x0000000084300000, 0x00000000d5580000)
  object space 68608K, 33% used [0x0000000080000000,0x0000000081685d98,0x0000000084300000)
 Metaspace       used 34768K, committed 35840K, reserved 1114112K
  class space    used 3480K, committed 3968K, reserved 1048576K
}
Event: 16.520 GC heap before
{Heap before GC invocations=18 (full 2):
 PSYoungGen      total 21504K, used 20992K [0x00000000d5580000, 0x00000000d6e00000, 0x0000000100000000)
  eden space 20992K, 100% used [0x00000000d5580000,0x00000000d6a00000,0x00000000d6a00000)
  from space 512K, 0% used [0x00000000d6a00000,0x00000000d6a00000,0x00000000d6a80000)
  to   space 1536K, 0% used [0x00000000d6c80000,0x00000000d6c80000,0x00000000d6e00000)
 ParOldGen       total 68608K, used 23063K [0x0000000080000000, 0x0000000084300000, 0x00000000d5580000)
  object space 68608K, 33% used [0x0000000080000000,0x0000000081685d98,0x0000000084300000)
 Metaspace       used 36862K, committed 37952K, reserved 1114112K
  class space    used 3737K, committed 4224K, reserved 1048576K
}
Event: 16.521 GC heap after
{Heap after GC invocations=18 (full 2):
 PSYoungGen      total 22016K, used 1024K [0x00000000d5580000, 0x00000000d6d80000, 0x0000000100000000)
  eden space 20992K, 0% used [0x00000000d5580000,0x00000000d5580000,0x00000000d6a00000)
  from space 1024K, 100% used [0x00000000d6c80000,0x00000000d6d80000,0x00000000d6d80000)
  to   space 1536K, 0% used [0x00000000d6a80000,0x00000000d6a80000,0x00000000d6c00000)
 ParOldGen       total 68608K, used 23071K [0x0000000080000000, 0x0000000084300000, 0x00000000d5580000)
  object space 68608K, 33% used [0x0000000080000000,0x0000000081687d98,0x0000000084300000)
 Metaspace       used 36862K, committed 37952K, reserved 1114112K
  class space    used 3737K, committed 4224K, reserved 1048576K
}
Event: 16.664 GC heap before
{Heap before GC invocations=19 (full 2):
 PSYoungGen      total 22016K, used 21956K [0x00000000d5580000, 0x00000000d6d80000, 0x0000000100000000)
  eden space 20992K, 99% used [0x00000000d5580000,0x00000000d69f1060,0x00000000d6a00000)
  from space 1024K, 100% used [0x00000000d6c80000,0x00000000d6d80000,0x00000000d6d80000)
  to   space 1536K, 0% used [0x00000000d6a80000,0x00000000d6a80000,0x00000000d6c00000)
 ParOldGen       total 68608K, used 23071K [0x0000000080000000, 0x0000000084300000, 0x00000000d5580000)
  object space 68608K, 33% used [0x0000000080000000,0x0000000081687d98,0x0000000084300000)
 Metaspace       used 39750K, committed 40832K, reserved 1114112K
  class space    used 4129K, committed 4608K, reserved 1048576K
}
Event: 16.665 GC heap after
{Heap after GC invocations=19 (full 2):
 PSYoungGen      total 22528K, used 1104K [0x00000000d5580000, 0x00000000d6d00000, 0x0000000100000000)
  eden space 20992K, 0% used [0x00000000d5580000,0x00000000d5580000,0x00000000d6a00000)
  from space 1536K, 71% used [0x00000000d6a80000,0x00000000d6b94358,0x00000000d6c00000)
  to   space 1024K, 0% used [0x00000000d6c00000,0x00000000d6c00000,0x00000000d6d00000)
 ParOldGen       total 68608K, used 23767K [0x0000000080000000, 0x0000000084300000, 0x00000000d5580000)
  object space 68608K, 34% used [0x0000000080000000,0x0000000081735da8,0x0000000084300000)
 Metaspace       used 39750K, committed 40832K, reserved 1114112K
  class space    used 4129K, committed 4608K, reserved 1048576K
}

Dll operation events (12 events):
Event: 0.015 Loaded shared library c:\Users\jungm\.vscode\extensions\redhat.java-1.52.0-win32-x64\jre\21.0.9-win32-x86_64\bin\java.dll
Event: 0.047 Loaded shared library c:\Users\jungm\.vscode\extensions\redhat.java-1.52.0-win32-x64\jre\21.0.9-win32-x86_64\bin\zip.dll
Event: 0.108 Loaded shared library C:\Users\jungm\.vscode\extensions\redhat.java-1.52.0-win32-x64\jre\21.0.9-win32-x86_64\bin\instrument.dll
Event: 0.113 Loaded shared library C:\Users\jungm\.vscode\extensions\redhat.java-1.52.0-win32-x64\jre\21.0.9-win32-x86_64\bin\net.dll
Event: 0.117 Loaded shared library C:\Users\jungm\.vscode\extensions\redhat.java-1.52.0-win32-x64\jre\21.0.9-win32-x86_64\bin\nio.dll
Event: 0.121 Loaded shared library C:\Users\jungm\.vscode\extensions\redhat.java-1.52.0-win32-x64\jre\21.0.9-win32-x86_64\bin\zip.dll
Event: 0.136 Loaded shared library C:\Users\jungm\.vscode\extensions\redhat.java-1.52.0-win32-x64\jre\21.0.9-win32-x86_64\bin\jimage.dll
Event: 0.204 Loaded shared library c:\Users\jungm\.vscode\extensions\redhat.java-1.52.0-win32-x64\jre\21.0.9-win32-x86_64\bin\verify.dll
Event: 6.989 Loaded shared library C:\Users\jungm\AppData\Roaming\Code\User\globalStorage\redhat.java\1.52.0\config_win\org.eclipse.equinox.launcher\org.eclipse.equinox.launcher.win32.win32.x86_64_1.2.1500.v20260121-1430\eclipse_11919.dll
Event: 14.995 Loaded shared library C:\Users\jungm\AppData\Local\Temp\jna--445264498\jna9305261529430610647.dll
Event: 16.194 Loaded shared library C:\Users\jungm\.vscode\extensions\redhat.java-1.52.0-win32-x64\jre\21.0.9-win32-x86_64\bin\sunmscapi.dll
Event: 16.525 Loaded shared library C:\Users\jungm\.vscode\extensions\redhat.java-1.52.0-win32-x64\jre\21.0.9-win32-x86_64\bin\extnet.dll

Deoptimization events (20 events):
Event: 16.603 Thread 0x000001a1592225d0 Uncommon trap: trap_request=0xffffff45 fr.pc=0x000001a1662a8af4 relative=0x00000000000008d4
Event: 16.603 Thread 0x000001a1592225d0 Uncommon trap: reason=unstable_if action=reinterpret pc=0x000001a1662a8af4 method=jdk.internal.org.objectweb.asm.SymbolTable.put(Ljdk/internal/org/objectweb/asm/SymbolTable$Entry;)Ljdk/internal/org/objectweb/asm/SymbolTable$Entry; @ 13 c2
Event: 16.603 Thread 0x000001a1592225d0 DEOPT PACKING pc=0x000001a1662a8af4 sp=0x0000004d54dfde90
Event: 16.603 Thread 0x000001a1592225d0 DEOPT UNPACKING pc=0x000001a165af3aa2 sp=0x0000004d54dfdd98 mode 2
Event: 16.626 Thread 0x000001a1592225d0 Uncommon trap: trap_request=0xffffff45 fr.pc=0x000001a166350344 relative=0x0000000000000104
Event: 16.626 Thread 0x000001a1592225d0 Uncommon trap: reason=unstable_if action=reinterpret pc=0x000001a166350344 method=java.lang.CharacterDataLatin1.digit(II)I @ 7 c2
Event: 16.626 Thread 0x000001a1592225d0 DEOPT PACKING pc=0x000001a166350344 sp=0x0000004d54dfe140
Event: 16.626 Thread 0x000001a1592225d0 DEOPT UNPACKING pc=0x000001a165af3aa2 sp=0x0000004d54dfe000 mode 2
Event: 16.626 Thread 0x000001a1592225d0 Uncommon trap: trap_request=0xffffff45 fr.pc=0x000001a16622aad0 relative=0x00000000000000b0
Event: 16.626 Thread 0x000001a1592225d0 Uncommon trap: reason=unstable_if action=reinterpret pc=0x000001a16622aad0 method=java.lang.CharacterDataLatin1.digit(II)I @ 7 c2
Event: 16.626 Thread 0x000001a1592225d0 DEOPT PACKING pc=0x000001a16622aad0 sp=0x0000004d54dfe0a0
Event: 16.626 Thread 0x000001a1592225d0 DEOPT UNPACKING pc=0x000001a165af3aa2 sp=0x0000004d54dfe020 mode 2
Event: 16.626 Thread 0x000001a1592225d0 Uncommon trap: trap_request=0xffffff45 fr.pc=0x000001a1661fa3d8 relative=0x00000000000000b8
Event: 16.626 Thread 0x000001a1592225d0 Uncommon trap: reason=unstable_if action=reinterpret pc=0x000001a1661fa3d8 method=java.lang.String.hashCode()I @ 20 c2
Event: 16.626 Thread 0x000001a1592225d0 DEOPT PACKING pc=0x000001a1661fa3d8 sp=0x0000004d54dfe150
Event: 16.626 Thread 0x000001a1592225d0 DEOPT UNPACKING pc=0x000001a165af3aa2 sp=0x0000004d54dfe0e0 mode 2
Event: 16.630 Thread 0x000001a1592225d0 Uncommon trap: trap_request=0xffffff45 fr.pc=0x000001a16639b080 relative=0x00000000000001e0
Event: 16.630 Thread 0x000001a1592225d0 Uncommon trap: reason=unstable_if action=reinterpret pc=0x000001a16639b080 method=java.lang.String.compareTo(Ljava/lang/String;)I @ 27 c2
Event: 16.630 Thread 0x000001a1592225d0 DEOPT PACKING pc=0x000001a16639b080 sp=0x0000004d54dfdc00
Event: 16.630 Thread 0x000001a1592225d0 DEOPT UNPACKING pc=0x000001a165af3aa2 sp=0x0000004d54dfdb88 mode 2

Classes loaded (20 events):
Event: 16.644 Loading class sun/reflect/annotation/TypeAnnotation$LocationInfo$Location
Event: 16.645 Loading class sun/reflect/annotation/TypeAnnotation$LocationInfo$Location done
Event: 16.645 Loading class sun/reflect/annotation/AnnotatedTypeFactory
Event: 16.645 Loading class sun/reflect/annotation/AnnotatedTypeFactory done
Event: 16.645 Loading class sun/reflect/annotation/AnnotatedTypeFactory$AnnotatedTypeBaseImpl
Event: 16.645 Loading class sun/reflect/annotation/AnnotatedTypeFactory$AnnotatedTypeBaseImpl done
Event: 16.651 Loading class java/io/PrintWriter$1
Event: 16.651 Loading class jdk/internal/access/JavaIOPrintWriterAccess
Event: 16.651 Loading class jdk/internal/access/JavaIOPrintWriterAccess done
Event: 16.652 Loading class java/io/PrintWriter$1 done
Event: 16.654 Loading class java/time/format/DateTimeParseContext
Event: 16.654 Loading class java/time/format/DateTimeParseContext done
Event: 16.655 Loading class java/time/format/Parsed
Event: 16.655 Loading class java/time/format/Parsed done
Event: 16.675 Loading class java/time/Month
Event: 16.675 Loading class java/time/Month done
Event: 16.675 Loading class java/time/Year
Event: 16.676 Loading class java/time/Year done
Event: 16.679 Loading class sun/reflect/generics/repository/FieldRepository
Event: 16.679 Loading class sun/reflect/generics/repository/FieldRepository done

Classes unloaded (7 events):
Event: 15.529 Thread 0x000001a171ee3900 Unloading class 0x000001a1011ac800 'java/lang/invoke/LambdaForm$MH+0x000001a1011ac800'
Event: 15.529 Thread 0x000001a171ee3900 Unloading class 0x000001a1011ac400 'java/lang/invoke/LambdaForm$MH+0x000001a1011ac400'
Event: 15.529 Thread 0x000001a171ee3900 Unloading class 0x000001a1011ac000 'java/lang/invoke/LambdaForm$MH+0x000001a1011ac000'
Event: 15.529 Thread 0x000001a171ee3900 Unloading class 0x000001a1011abc00 'java/lang/invoke/LambdaForm$MH+0x000001a1011abc00'
Event: 15.529 Thread 0x000001a171ee3900 Unloading class 0x000001a1011ab800 'java/lang/invoke/LambdaForm$BMH+0x000001a1011ab800'
Event: 15.529 Thread 0x000001a171ee3900 Unloading class 0x000001a1011ab400 'java/lang/invoke/LambdaForm$DMH+0x000001a1011ab400'
Event: 15.529 Thread 0x000001a171ee3900 Unloading class 0x000001a1011aa400 'java/lang/invoke/LambdaForm$DMH+0x000001a1011aa400'

Classes redefined (0 events):
No events

Internal exceptions (20 events):
Event: 16.228 Thread 0x000001a1592225d0 Exception <a 'java/lang/NoSuchMethodError'{0x00000000d63ebe30}: 'java.lang.Object java.lang.invoke.DirectMethodHandle$Holder.newInvokeSpecial(java.lang.Object, long)'> (0x00000000d63ebe30) 
thrown [s\src\hotspot\share\interpreter\linkResolver.cpp, line 773]
Event: 16.250 Thread 0x000001a179a84d60 Exception <a 'java/io/FileNotFoundException'{0x00000000d6770940}> (0x00000000d6770940) 
thrown [s\src\hotspot\share\prims\jni.cpp, line 520]
Event: 16.372 Thread 0x000001a179a80bc0 Exception <a 'java/lang/NoSuchMethodError'{0x00000000d55a1fb0}: 'java.lang.Object java.lang.invoke.DirectMethodHandle$Holder.invokeStaticInit(java.lang.Object, java.lang.Object, java.lang.Object, java.lang.Object, java.lang.Object, java.lang.Object, java.lang.Object)'> (0x00000000d55a1fb0) 
thrown [s\src\hotspot\share\interpreter\linkResolver.cpp, line 773]
Event: 16.374 Thread 0x000001a179a80bc0 Exception <a 'java/lang/NoSuchMethodError'{0x00000000d55a68f8}: 'java.lang.Object java.lang.invoke.Invokers$Holder.invoke_MT(java.lang.Object, java.lang.Object, java.lang.Object, java.lang.Object, java.lang.Object, java.lang.Object, java.lang.Object, java.lang.Object, java.lang.Object)'> (0x00000000d55a68f8) 
thrown [s\src\hotspot\share\interpreter\linkResolver.cpp, line 773]
Event: 16.381 Thread 0x000001a179a80bc0 Exception <a 'java/lang/NoSuchMethodError'{0x00000000d57a4528}: 'int java.lang.invoke.DirectMethodHandle$Holder.invokeVirtual(java.lang.Object, java.lang.Object, java.lang.Object)'> (0x00000000d57a4528) 
thrown [s\src\hotspot\share\interpreter\linkResolver.cpp, line 773]
Event: 16.407 Thread 0x000001a179a80bc0 Exception <a 'java/lang/NoSuchMethodError'{0x00000000d559a3a8}: 'int java.lang.invoke.DirectMethodHandle$Holder.invokeStaticInit(java.lang.Object, int, int)'> (0x00000000d559a3a8) 
thrown [s\src\hotspot\share\interpreter\linkResolver.cpp, line 773]
Event: 16.409 Thread 0x000001a179a80bc0 Exception <a 'java/lang/NoSuchMethodError'{0x00000000d55d9328}: 'int java.lang.invoke.DirectMethodHandle$Holder.invokeStaticInit(java.lang.Object, long, long)'> (0x00000000d55d9328) 
thrown [s\src\hotspot\share\interpreter\linkResolver.cpp, line 773]
Event: 16.410 Thread 0x000001a179a80bc0 Exception <a 'java/lang/NoSuchMethodError'{0x00000000d562f5c8}: 'int java.lang.invoke.DirectMethodHandle$Holder.invokeStaticInit(java.lang.Object, float, float)'> (0x00000000d562f5c8) 
thrown [s\src\hotspot\share\interpreter\linkResolver.cpp, line 773]
Event: 16.411 Thread 0x000001a179a80bc0 Exception <a 'java/lang/NoSuchMethodError'{0x00000000d565c998}: 'int java.lang.invoke.DirectMethodHandle$Holder.invokeStaticInit(java.lang.Object, double, double)'> (0x00000000d565c998) 
thrown [s\src\hotspot\share\interpreter\linkResolver.cpp, line 773]
Event: 16.411 Thread 0x000001a179a80bc0 Exception <a 'java/lang/NoSuchMethodError'{0x00000000d5688330}: 'int java.lang.invoke.DirectMethodHandle$Holder.invokeStatic(java.lang.Object, long)'> (0x00000000d5688330) 
thrown [s\src\hotspot\share\interpreter\linkResolver.cpp, line 773]
Event: 16.416 Thread 0x000001a179a80bc0 Exception <a 'java/lang/NoSuchMethodError'{0x00000000d57c5840}: 'int java.lang.invoke.Invokers$Holder.linkToTargetMethod(java.lang.Object, java.lang.Object)'> (0x00000000d57c5840) 
thrown [s\src\hotspot\share\interpreter\linkResolver.cpp, line 773]
Event: 16.473 Thread 0x000001a179a80bc0 Exception <a 'java/lang/NoSuchMethodError'{0x00000000d60ee5a8}: 'java.lang.Object java.lang.invoke.DirectMethodHandle$Holder.invokeSpecialIFC(java.lang.Object, java.lang.Object, java.lang.Object, java.lang.Object)'> (0x00000000d60ee5a8) 
thrown [s\src\hotspot\share\interpreter\linkResolver.cpp, line 773]
Event: 16.564 Thread 0x000001a17afa7ae0 Exception <a 'java/lang/NoSuchMethodError'{0x00000000d5d678a0}: 'int java.lang.invoke.DirectMethodHandle$Holder.invokeSpecial(java.lang.Object, java.lang.Object, java.lang.Object, java.lang.Object)'> (0x00000000d5d678a0) 
thrown [s\src\hotspot\share\interpreter\linkResolver.cpp, line 773]
Event: 16.566 Thread 0x000001a17afa7ae0 Exception <a 'java/lang/NoSuchMethodError'{0x00000000d5dd4020}: 'java.lang.Object java.lang.invoke.DirectMethodHandle$Holder.invokeStatic(java.lang.Object, int, java.lang.Object, java.lang.Object)'> (0x00000000d5dd4020) 
thrown [s\src\hotspot\share\interpreter\linkResolver.cpp, line 773]
Event: 16.566 Thread 0x000001a17afa7ae0 Exception <a 'java/lang/NoSuchMethodError'{0x00000000d5dd7b20}: 'java.lang.Object java.lang.invoke.DelegatingMethodHandle$Holder.delegate(java.lang.Object, int, java.lang.Object, java.lang.Object)'> (0x00000000d5dd7b20) 
thrown [s\src\hotspot\share\interpreter\linkResolver.cpp, line 773]
Event: 16.568 Thread 0x000001a17afa7ae0 Implicit null exception at 0x000001a16644a380 to 0x000001a16644a6c8
Event: 16.570 Thread 0x000001a17afa7ae0 Exception <a 'java/lang/NoSuchMethodError'{0x00000000d5e3f468}: 'int java.lang.invoke.Invokers$Holder.linkToTargetMethod(java.lang.Object, java.lang.Object, java.lang.Object)'> (0x00000000d5e3f468) 
thrown [s\src\hotspot\share\interpreter\linkResolver.cpp, line 773]
Event: 16.589 Thread 0x000001a1592225d0 Exception <a 'java/lang/NoSuchMethodError'{0x00000000d619bd08}: 'void java.lang.invoke.DirectMethodHandle$Holder.invokeSpecial(java.lang.Object, java.lang.Object, java.lang.Object, java.lang.Object, java.lang.Object, java.lang.Object)'> (0x00000000d619bd08) 
thrown [s\src\hotspot\share\interpreter\linkResolver.cpp, line 773]
Event: 16.590 Thread 0x000001a1592225d0 Exception <a 'java/lang/IncompatibleClassChangeError'{0x00000000d61a37e0}: Found class java.lang.Object, but interface was expected> (0x00000000d61a37e0) 
thrown [s\src\hotspot\share\interpreter\linkResolver.cpp, line 840]
Event: 16.591 Thread 0x000001a1592225d0 Exception <a 'java/lang/IncompatibleClassChangeError'{0x00000000d61a56a0}: Found class java.lang.Object, but interface was expected> (0x00000000d61a56a0) 
thrown [s\src\hotspot\share\interpreter\linkResolver.cpp, line 840]

ZGC Phase Switch (0 events):
No events

VM Operations (20 events):
Event: 16.278 Executing VM operation: ParallelGCFailedAllocation (Allocation Failure)
Event: 16.280 Executing VM operation: ParallelGCFailedAllocation (Allocation Failure) done
Event: 16.370 Executing VM operation: ParallelGCFailedAllocation (Allocation Failure)
Event: 16.372 Executing VM operation: ParallelGCFailedAllocation (Allocation Failure) done
Event: 16.381 Executing VM operation: CollectForMetadataAllocation (Metadata GC Threshold)
Event: 16.407 Executing VM operation: CollectForMetadataAllocation (Metadata GC Threshold) done
Event: 16.424 Executing VM operation: HandshakeAllThreads (Deoptimize)
Event: 16.425 Executing VM operation: HandshakeAllThreads (Deoptimize) done
Event: 16.453 Executing VM operation: HandshakeAllThreads (Deoptimize)
Event: 16.455 Executing VM operation: HandshakeAllThreads (Deoptimize) done
Event: 16.489 Executing VM operation: HandshakeAllThreads (Deoptimize)
Event: 16.490 Executing VM operation: HandshakeAllThreads (Deoptimize) done
Event: 16.519 Executing VM operation: ParallelGCFailedAllocation (Allocation Failure)
Event: 16.521 Executing VM operation: ParallelGCFailedAllocation (Allocation Failure) done
Event: 16.535 Executing VM operation: HandshakeAllThreads (Deoptimize)
Event: 16.535 Executing VM operation: HandshakeAllThreads (Deoptimize) done
Event: 16.552 Executing VM operation: HandshakeAllThreads (Deoptimize)
Event: 16.554 Executing VM operation: HandshakeAllThreads (Deoptimize) done
Event: 16.664 Executing VM operation: ParallelGCFailedAllocation (Allocation Failure)
Event: 16.665 Executing VM operation: ParallelGCFailedAllocation (Allocation Failure) done

Memory protections (0 events):
No events

Nmethod flushes (20 events):
Event: 16.395 Thread 0x000001a171ee3900 flushing  nmethod 0x000001a15ed24610
Event: 16.395 Thread 0x000001a171ee3900 flushing  nmethod 0x000001a15ed25010
Event: 16.395 Thread 0x000001a171ee3900 flushing  nmethod 0x000001a15ed2ad10
Event: 16.395 Thread 0x000001a171ee3900 flushing  nmethod 0x000001a15ed37c90
Event: 16.395 Thread 0x000001a171ee3900 flushing  nmethod 0x000001a15ed89410
Event: 16.395 Thread 0x000001a171ee3900 flushing  nmethod 0x000001a15ed89810
Event: 16.395 Thread 0x000001a171ee3900 flushing  nmethod 0x000001a15ed8a110
Event: 16.395 Thread 0x000001a171ee3900 flushing  nmethod 0x000001a15ed8b310
Event: 16.395 Thread 0x000001a171ee3900 flushing  nmethod 0x000001a15ed8bb10
Event: 16.395 Thread 0x000001a171ee3900 flushing  nmethod 0x000001a15ed8d810
Event: 16.395 Thread 0x000001a171ee3900 flushing  nmethod 0x000001a15ed8dd10
Event: 16.395 Thread 0x000001a171ee3900 flushing  nmethod 0x000001a15ed8e610
Event: 16.395 Thread 0x000001a171ee3900 flushing  nmethod 0x000001a15ed8fa10
Event: 16.395 Thread 0x000001a171ee3900 flushing  nmethod 0x000001a15ed92390
Event: 16.395 Thread 0x000001a171ee3900 flushing  nmethod 0x000001a15ed93e10
Event: 16.395 Thread 0x000001a171ee3900 flushing  nmethod 0x000001a15edda810
Event: 16.395 Thread 0x000001a171ee3900 flushing  nmethod 0x000001a15ede0790
Event: 16.395 Thread 0x000001a171ee3900 flushing  nmethod 0x000001a15ee03310
Event: 16.395 Thread 0x000001a171ee3900 flushing  nmethod 0x000001a15ee09a90
Event: 16.395 Thread 0x000001a171ee3900 flushing  nmethod 0x000001a15ee96590

Events (20 events):
Event: 16.236 Thread 0x000001a1592225d0 Thread added: 0x000001a179a874c0
Event: 16.236 Thread 0x000001a1592225d0 Thread added: 0x000001a179a87b50
Event: 16.236 Thread 0x000001a1592225d0 Thread added: 0x000001a179a881e0
Event: 16.236 Thread 0x000001a1592225d0 Thread added: 0x000001a179a81250
Event: 16.236 Thread 0x000001a1592225d0 Thread added: 0x000001a179a82600
Event: 16.236 Thread 0x000001a1592225d0 Thread added: 0x000001a179a839b0
Event: 16.236 Thread 0x000001a1592225d0 Thread added: 0x000001a17afa8800
Event: 16.236 Thread 0x000001a1592225d0 Thread added: 0x000001a17afa6dc0
Event: 16.236 Thread 0x000001a1592225d0 Thread added: 0x000001a17afa32b0
Event: 16.236 Thread 0x000001a1592225d0 Thread added: 0x000001a17afa60a0
Event: 16.237 Thread 0x000001a1592225d0 Thread added: 0x000001a17afa7450
Event: 16.237 Thread 0x000001a1592225d0 Thread added: 0x000001a17afa3fd0
Event: 16.237 Thread 0x000001a1592225d0 Thread added: 0x000001a17afa4660
Event: 16.271 Thread 0x000001a1592225d0 Thread added: 0x000001a17afa4cf0
Event: 16.324 Thread 0x000001a1791f1c00 Thread added: 0x000001a17bd4cdc0
Event: 16.332 Thread 0x000001a171ef7fa0 Thread added: 0x000001a17bd4e230
Event: 16.336 Thread 0x000001a1796c5b60 Thread added: 0x000001a17bd4c6f0
Event: 16.347 Thread 0x000001a179a80bc0 Thread added: 0x000001a17afa7ae0
Event: 16.623 Thread 0x000001a1592225d0 Thread added: 0x000001a17afa3940
Event: 16.623 Thread 0x000001a1592225d0 Thread added: 0x000001a17afa8e90


Dynamic libraries:
0x00007ff692b00000 - 0x00007ff692b0e000 	c:\Users\jungm\.vscode\extensions\redhat.java-1.52.0-win32-x64\jre\21.0.9-win32-x86_64\bin\java.exe
0x00007fff205f0000 - 0x00007fff207e8000 	C:\WINDOWS\SYSTEM32\ntdll.dll
0x00007fff1e8d0000 - 0x00007fff1e992000 	C:\WINDOWS\System32\KERNEL32.DLL
0x00007fff1dee0000 - 0x00007fff1e1d6000 	C:\WINDOWS\System32\KERNELBASE.dll
0x00007fff1adf0000 - 0x00007fff1ae84000 	C:\WINDOWS\SYSTEM32\apphelp.dll
0x00007fff1dcd0000 - 0x00007fff1ddd0000 	C:\WINDOWS\System32\ucrtbase.dll
0x00007ffef0540000 - 0x00007ffef055e000 	c:\Users\jungm\.vscode\extensions\redhat.java-1.52.0-win32-x64\jre\21.0.9-win32-x86_64\bin\VCRUNTIME140.dll
0x00007ffefaf20000 - 0x00007ffefaf38000 	c:\Users\jungm\.vscode\extensions\redhat.java-1.52.0-win32-x64\jre\21.0.9-win32-x86_64\bin\jli.dll
0x00007fff1e610000 - 0x00007fff1e7b1000 	C:\WINDOWS\System32\USER32.dll
0x00007fff1e3e0000 - 0x00007fff1e402000 	C:\WINDOWS\System32\win32u.dll
0x00007fff1ed60000 - 0x00007fff1ed8b000 	C:\WINDOWS\System32\GDI32.dll
0x00007fff1e1e0000 - 0x00007fff1e2f9000 	C:\WINDOWS\System32\gdi32full.dll
0x00007fff1e570000 - 0x00007fff1e60d000 	C:\WINDOWS\System32\msvcp_win.dll
0x00007fff0fd40000 - 0x00007fff0ffdb000 	C:\WINDOWS\WinSxS\amd64_microsoft.windows.common-controls_6595b64144ccf1df_6.0.19041.6456_none_60b8a6cb71f64256\COMCTL32.dll
0x00007fff1e820000 - 0x00007fff1e8be000 	C:\WINDOWS\System32\msvcrt.dll
0x00007fff20080000 - 0x00007fff200af000 	C:\WINDOWS\System32\IMM32.DLL
0x00007fff0d4c0000 - 0x00007fff0d4cc000 	c:\Users\jungm\.vscode\extensions\redhat.java-1.52.0-win32-x64\jre\21.0.9-win32-x86_64\bin\vcruntime140_1.dll
0x00007ffee9c70000 - 0x00007ffee9cfd000 	c:\Users\jungm\.vscode\extensions\redhat.java-1.52.0-win32-x64\jre\21.0.9-win32-x86_64\bin\msvcp140.dll
0x00007ffedc770000 - 0x00007ffedd510000 	c:\Users\jungm\.vscode\extensions\redhat.java-1.52.0-win32-x64\jre\21.0.9-win32-x86_64\bin\server\jvm.dll
0x00007fff202f0000 - 0x00007fff203a1000 	C:\WINDOWS\System32\ADVAPI32.dll
0x00007fff1fd60000 - 0x00007fff1fdff000 	C:\WINDOWS\System32\sechost.dll
0x00007fff1fe00000 - 0x00007fff1ff20000 	C:\WINDOWS\System32\RPCRT4.dll
0x00007fff1e300000 - 0x00007fff1e327000 	C:\WINDOWS\System32\bcrypt.dll
0x00007fff20000000 - 0x00007fff2006b000 	C:\WINDOWS\System32\WS2_32.dll
0x00007fff1d1e0000 - 0x00007fff1d22b000 	C:\WINDOWS\SYSTEM32\POWRPROF.dll
0x00007fff0e9d0000 - 0x00007fff0e9f7000 	C:\WINDOWS\SYSTEM32\WINMM.dll
0x00007fff18050000 - 0x00007fff1805a000 	C:\WINDOWS\SYSTEM32\VERSION.dll
0x00007fff1d040000 - 0x00007fff1d052000 	C:\WINDOWS\SYSTEM32\UMPDC.dll
0x00007fff1bad0000 - 0x00007fff1bae2000 	C:\WINDOWS\SYSTEM32\kernel.appcore.dll
0x00007ffefaf50000 - 0x00007ffefaf5a000 	c:\Users\jungm\.vscode\extensions\redhat.java-1.52.0-win32-x64\jre\21.0.9-win32-x86_64\bin\jimage.dll
0x00007fff0d4f0000 - 0x00007fff0d6f1000 	C:\WINDOWS\SYSTEM32\DBGHELP.DLL
0x00007fff06930000 - 0x00007fff06964000 	C:\WINDOWS\SYSTEM32\dbgcore.DLL
0x00007fff1de50000 - 0x00007fff1ded2000 	C:\WINDOWS\System32\bcryptPrimitives.dll
0x00007fff1a2d0000 - 0x00007fff1a2df000 	c:\Users\jungm\.vscode\extensions\redhat.java-1.52.0-win32-x64\jre\21.0.9-win32-x86_64\bin\instrument.dll
0x00007ffefaed0000 - 0x00007ffefaef0000 	c:\Users\jungm\.vscode\extensions\redhat.java-1.52.0-win32-x64\jre\21.0.9-win32-x86_64\bin\java.dll
0x00007fff1f290000 - 0x00007fff1fa00000 	C:\WINDOWS\System32\SHELL32.dll
0x00007fff1bcd0000 - 0x00007fff1c475000 	C:\WINDOWS\SYSTEM32\windows.storage.dll
0x00007fff1fa00000 - 0x00007fff1fd54000 	C:\WINDOWS\System32\combase.dll
0x00007fff1d6b0000 - 0x00007fff1d6db000 	C:\WINDOWS\SYSTEM32\Wldp.dll
0x00007fff1eab0000 - 0x00007fff1eb7d000 	C:\WINDOWS\System32\OLEAUT32.dll
0x00007fff1e9a0000 - 0x00007fff1ea4d000 	C:\WINDOWS\System32\SHCORE.dll
0x00007fff1ea50000 - 0x00007fff1eaab000 	C:\WINDOWS\System32\shlwapi.dll
0x00007fff1dbb0000 - 0x00007fff1dbd4000 	C:\WINDOWS\SYSTEM32\profapi.dll
0x00007ffee9ee0000 - 0x00007ffee9ef8000 	c:\Users\jungm\.vscode\extensions\redhat.java-1.52.0-win32-x64\jre\21.0.9-win32-x86_64\bin\zip.dll
0x00007ffefaf10000 - 0x00007ffefaf20000 	C:\Users\jungm\.vscode\extensions\redhat.java-1.52.0-win32-x64\jre\21.0.9-win32-x86_64\bin\net.dll
0x00007fff18d50000 - 0x00007fff18e5a000 	C:\WINDOWS\SYSTEM32\WINHTTP.dll
0x00007fff1d3c0000 - 0x00007fff1d42a000 	C:\WINDOWS\system32\mswsock.dll
0x00007ffee9af0000 - 0x00007ffee9b06000 	C:\Users\jungm\.vscode\extensions\redhat.java-1.52.0-win32-x64\jre\21.0.9-win32-x86_64\bin\nio.dll
0x00007fff1a200000 - 0x00007fff1a210000 	c:\Users\jungm\.vscode\extensions\redhat.java-1.52.0-win32-x64\jre\21.0.9-win32-x86_64\bin\verify.dll
0x00007ffef92e0000 - 0x00007ffef9325000 	C:\Users\jungm\AppData\Roaming\Code\User\globalStorage\redhat.java\1.52.0\config_win\org.eclipse.equinox.launcher\org.eclipse.equinox.launcher.win32.win32.x86_64_1.2.1500.v20260121-1430\eclipse_11919.dll
0x00007fff1ec30000 - 0x00007fff1ed5b000 	C:\WINDOWS\System32\ole32.dll
0x00007fff1d570000 - 0x00007fff1d588000 	C:\WINDOWS\SYSTEM32\CRYPTSP.dll
0x00007fff1cc80000 - 0x00007fff1ccb8000 	C:\WINDOWS\system32\rsaenh.dll
0x00007fff1db30000 - 0x00007fff1db5e000 	C:\WINDOWS\SYSTEM32\USERENV.dll
0x00007fff1d590000 - 0x00007fff1d59c000 	C:\WINDOWS\SYSTEM32\CRYPTBASE.dll
0x00007fff1d060000 - 0x00007fff1d09b000 	C:\WINDOWS\SYSTEM32\IPHLPAPI.DLL
0x00007fff20070000 - 0x00007fff20078000 	C:\WINDOWS\System32\NSI.dll
0x00007ffee76b0000 - 0x00007ffee76f9000 	C:\Users\jungm\AppData\Local\Temp\jna--445264498\jna9305261529430610647.dll
0x00007fff200b0000 - 0x00007fff200b8000 	C:\WINDOWS\System32\PSAPI.DLL
0x00007fff18610000 - 0x00007fff18627000 	C:\WINDOWS\SYSTEM32\dhcpcsvc6.DLL
0x00007fff185d0000 - 0x00007fff185ed000 	C:\WINDOWS\SYSTEM32\dhcpcsvc.DLL
0x00007ffef0f80000 - 0x00007ffef0f8e000 	C:\Users\jungm\.vscode\extensions\redhat.java-1.52.0-win32-x64\jre\21.0.9-win32-x86_64\bin\sunmscapi.dll
0x00007fff1e410000 - 0x00007fff1e56d000 	C:\WINDOWS\System32\CRYPT32.dll
0x00007fff1d720000 - 0x00007fff1d747000 	C:\WINDOWS\SYSTEM32\ncrypt.dll
0x00007fff1d6e0000 - 0x00007fff1d71b000 	C:\WINDOWS\SYSTEM32\NTASN1.dll
0x00007fff1d0b0000 - 0x00007fff1d17a000 	C:\WINDOWS\SYSTEM32\DNSAPI.dll
0x00007fff16e90000 - 0x00007fff16e9a000 	C:\Windows\System32\rasadhlp.dll
0x00007fff16ca0000 - 0x00007fff16d20000 	C:\WINDOWS\System32\fwpuclnt.dll
0x00007ffef0df0000 - 0x00007ffef0df9000 	C:\Users\jungm\.vscode\extensions\redhat.java-1.52.0-win32-x64\jre\21.0.9-win32-x86_64\bin\extnet.dll

JVMTI agents:
c:\Users\jungm\.vscode\extensions\redhat.java-1.52.0-win32-x64\lombok\lombok-1.18.39-4050.jar path:c:\Users\jungm\.vscode\extensions\redhat.java-1.52.0-win32-x64\jre\21.0.9-win32-x86_64\bin\instrument.dll, loaded, initialized, instrumentlib options:none

dbghelp: loaded successfully - version: 4.0.5 - missing functions: none
symbol engine: initialized successfully - sym options: 0x614 - pdb path: .;c:\Users\jungm\.vscode\extensions\redhat.java-1.52.0-win32-x64\jre\21.0.9-win32-x86_64\bin;C:\WINDOWS\SYSTEM32;C:\WINDOWS\WinSxS\amd64_microsoft.windows.common-controls_6595b64144ccf1df_6.0.19041.6456_none_60b8a6cb71f64256;c:\Users\jungm\.vscode\extensions\redhat.java-1.52.0-win32-x64\jre\21.0.9-win32-x86_64\bin\server;C:\Users\jungm\AppData\Roaming\Code\User\globalStorage\redhat.java\1.52.0\config_win\org.eclipse.equinox.launcher\org.eclipse.equinox.launcher.win32.win32.x86_64_1.2.1500.v20260121-1430;C:\Users\jungm\AppData\Local\Temp\jna--445264498

VM Arguments:
jvm_args: --add-modules=ALL-SYSTEM --add-opens=java.base/java.util=ALL-UNNAMED --add-opens=java.base/java.lang=ALL-UNNAMED --add-opens=java.base/sun.nio.fs=ALL-UNNAMED -Declipse.application=org.eclipse.jdt.ls.core.id1 -Dosgi.bundles.defaultStartLevel=4 -Declipse.product=org.eclipse.jdt.ls.core.product -Djava.import.generatesMetadataFilesAtProjectRoot=false -DDetectVMInstallationsJob.disabled=true -Dfile.encoding=utf8 -XX:+UseParallelGC -XX:GCTimeRatio=4 -XX:AdaptiveSizePolicyWeight=90 -Dsun.zip.disableMemoryMapping=true -Xmx2G -Xms100m -Xlog:disable -javaagent:c:\Users\jungm\.vscode\extensions\redhat.java-1.52.0-win32-x64\lombok\lombok-1.18.39-4050.jar -XX:+HeapDumpOnOutOfMemoryError -XX:HeapDumpPath=c:\Users\jungm\AppData\Roaming\Code\User\workspaceStorage\13ba4b384930c10f87a63ddda95ed11c\redhat.java -Daether.dependencyCollector.impl=bf 
java_command: c:\Users\jungm\.vscode\extensions\redhat.java-1.52.0-win32-x64\server\plugins\org.eclipse.equinox.launcher_1.7.100.v20251111-0406.jar -configuration c:\Users\jungm\AppData\Roaming\Code\User\globalStorage\redhat.java\1.52.0\config_win -data c:\Users\jungm\AppData\Roaming\Code\User\workspaceStorage\13ba4b384930c10f87a63ddda95ed11c\redhat.java\jdt_ws --pipe=\\.\pipe\lsp-b6f585b86f683e0a39f9b117a2c0c674-sock
java_class_path (initial): c:\Users\jungm\.vscode\extensions\redhat.java-1.52.0-win32-x64\server\plugins\org.eclipse.equinox.launcher_1.7.100.v20251111-0406.jar
Launcher Type: SUN_STANDARD

[Global flags]
    uintx AdaptiveSizePolicyWeight                 = 90                                        {product} {command line}
     intx CICompilerCount                          = 12                                        {product} {ergonomic}
    uintx GCTimeRatio                              = 4                                         {product} {command line}
     bool HeapDumpOnOutOfMemoryError               = true                                   {manageable} {command line}
    ccstr HeapDumpPath                             = c:\Users\jungm\AppData\Roaming\Code\User\workspaceStorage\13ba4b384930c10f87a63ddda95ed11c\redhat.java         {manageable} {command line}
   size_t InitialHeapSize                          = 104857600                                 {product} {command line}
   size_t MaxHeapSize                              = 2147483648                                {product} {command line}
   size_t MaxNewSize                               = 715653120                                 {product} {ergonomic}
   size_t MinHeapDeltaBytes                        = 524288                                    {product} {ergonomic}
   size_t MinHeapSize                              = 104857600                                 {product} {command line}
   size_t NewSize                                  = 34603008                                  {product} {ergonomic}
    uintx NonNMethodCodeHeapSize                   = 7602480                                {pd product} {ergonomic}
    uintx NonProfiledCodeHeapSize                  = 122027880                              {pd product} {ergonomic}
   size_t OldSize                                  = 70254592                                  {product} {ergonomic}
    uintx ProfiledCodeHeapSize                     = 122027880                              {pd product} {ergonomic}
    uintx ReservedCodeCacheSize                    = 251658240                              {pd product} {ergonomic}
     bool SegmentedCodeCache                       = true                                      {product} {ergonomic}
   size_t SoftMaxHeapSize                          = 2147483648                             {manageable} {ergonomic}
     bool UseCompressedOops                        = true                           {product lp64_product} {ergonomic}
     bool UseLargePagesIndividualAllocation        = false                                  {pd product} {ergonomic}
     bool UseParallelGC                            = true                                      {product} {command line}

Logging:
Log output configuration:
 #0: stdout all=off uptime,level,tags foldmultilines=false
 #1: stderr all=off uptime,level,tags foldmultilines=false

Release file:
JAVA_VERSION="21.0.9" 
MODULES="java.base java.compiler java.datatransfer java.xml java.prefs java.desktop java.instrument java.logging java.management java.security.sasl java.naming java.rmi java.management.rmi java.net.http java.scripting java.security.jgss java.transaction.xa java.sql java.sql.rowset java.xml.crypto java.se java.smartcardio jdk.accessibility jdk.internal.jvmstat jdk.attach jdk.charsets jdk.internal.opt jdk.zipfs jdk.compiler jdk.crypto.ec jdk.crypto.cryptoki jdk.crypto.mscapi jdk.dynalink jdk.internal.ed jdk.editpad jdk.hotspot.agent jdk.httpserver jdk.internal.le jdk.internal.vm.ci jdk.internal.vm.compiler jdk.internal.vm.compiler.management jdk.jartool jdk.javadoc jdk.jcmd jdk.management jdk.management.agent jdk.jconsole jdk.jdeps jdk.jdwp.agent jdk.jdi jdk.jfr jdk.jshell jdk.jsobject jdk.jstatd jdk.localedata jdk.management.jfr jdk.naming.dns jdk.naming.rmi jdk.net jdk.nio.mapmode jdk.random jdk.sctp jdk.security.auth jdk.security.jgss jdk.unsupported jdk.unsupported.desktop jdk.xml.dom" 

Environment Variables:
JAVA_HOME=C:\Program Files\Java\jdk-17
CLASSPATH=C:\Program Files\Java\jdk-17\lib
PATH=C:\Program Files\Common Files\Oracle\Java\javapath;C:\Program Files (x86)\Common Files\Oracle\Java\javapath;C:\gradle-9.1.0\bin;C:\Program Files (x86)\VMware\VMware Player\bin\;C:\WINDOWS\system32;C:\WINDOWS;C:\WINDOWS\System32\Wbem;C:\WINDOWS\System32\WindowsPowerShell\v1.0\;C:\WINDOWS\System32\OpenSSH\;C:\Program Files\Git\cmd;C:\WINDOWS\SYSTEM32;C:\Program Files\Bandizip\;C:\Program Files\Amazon\AWSCLIV2\;C:\Program Files\Java\jdk-17\bin;C:\Program Files\MySQL\MySQL Server 8.0\bin;C:\WINDOWS\SYSTEM32;C:\Program Files\Java\jdk-17\bin\;C:\Program Files\Docker\Docker\resources\bin;C:\Program Files\nodejs\;C:\Program Files\cursor\resources\app\bin;C:\Users\jungm\.local\bin;C:\Python\Python38\Scripts\;C:\Python\Python38\;C:\Users\jungm\AppData\Local\Programs\Python\Python311\Scripts\;C:\Users\jungm\AppData\Local\Programs\Python\Python311\;C:\Users\jungm\AppData\Local\Microsoft\WindowsApps;C:\Users\jungm\AppData\Local\Programs\Fiddler;C:\Users\jungm\AppData\Local\Programs\Microsoft VS Code\bin;C:\Users\jungm\AppData\Local\Programs\cursor\resources\app\bin;C:\Users\jungm\AppData\Roaming\npm;C:\Users\jungm\AppData\Local\GitHubDesktop\bin;C:\Users\jungm\.local\bin;
USERNAME=kimtaewoo
TMPDIR=C:\Users\Public\Documents\ESTsoft\CreatorTemp
OS=Windows_NT
PROCESSOR_IDENTIFIER=Intel64 Family 6 Model 165 Stepping 5, GenuineIntel
TMP=C:\Users\jungm\AppData\Local\Temp
TEMP=C:\Users\jungm\AppData\Local\Temp




Periodic native trim disabled

---------------  S Y S T E M  ---------------

OS:
 Windows 10 , 64 bit Build 19041 (10.0.19041.5915)
OS uptime: 8 days 22:39 hours
Hyper-V role detected

CPU: total 16 (initial active 16) (8 cores per cpu, 2 threads per core) family 6 model 165 stepping 5 microcode 0xe2, cx8, cmov, fxsr, ht, mmx, 3dnowpref, sse, sse2, sse3, ssse3, sse4.1, sse4.2, popcnt, lzcnt, tsc, tscinvbit, avx, avx2, aes, erms, clmul, bmi1, bmi2, adx, fma, vzeroupper, clflush, clflushopt, hv, rdtscp, f16c
Processor Information for the first 16 processors :
  Max Mhz: 2904, Current Mhz: 2904, Mhz Limit: 2904

Memory: 4k page, system-wide physical 32690M (6465M free)
TotalPageFile size 130994M (AvailPageFile size 35M)
current process WorkingSet (physical memory assigned to process): 249M, peak: 254M
current process commit charge ("private bytes"): 381M, peak: 388M

vm_info: OpenJDK 64-Bit Server VM (21.0.9+10-LTS) for windows-amd64 JRE (21.0.9+10-LTS), built on 2025-10-21T00:00:00Z by "admin" with unknown MS VC++:1942

END.
