#
# There is insufficient memory for the Java Runtime Environment to continue.
# Native memory allocation (malloc) failed to allocate 1048576 bytes. Error detail: AllocateHeap
# Possible reasons:
#   The system is out of physical RAM or swap space
#   This process is running with CompressedOops enabled, and the Java Heap may be blocking the growth of the native heap
# Possible solutions:
#   Reduce memory load on the system
#   Increase physical memory or swap space
#   Check if swap backing store is full
#   Decrease Java heap size (-Xmx/-Xms)
#   Decrease number of Java threads
#   Decrease Java thread stack sizes (-Xss)
#   Set larger code cache with -XX:ReservedCodeCacheSize=
#   JVM is running with Unscaled Compressed Oops mode in which the Java heap is
#     placed in the first 4GB address space. The Java Heap base address is the
#     maximum limit for the native heap growth. Please use -XX:HeapBaseMinAddress
#     to set the Java Heap base and to place the Java Heap above 4GB virtual address.
# This output file may be truncated or incomplete.
#
#  Out of Memory Error (allocation.cpp:44), pid=51060, tid=22048
#
# JRE version: OpenJDK Runtime Environment Temurin-21.0.9+10 (21.0.9+10) (build 21.0.9+10-LTS)
# Java VM: OpenJDK 64-Bit Server VM Temurin-21.0.9+10 (21.0.9+10-LTS, mixed mode, sharing, tiered, compressed oops, compressed class ptrs, parallel gc, windows-amd64)
# No core dump will be written. Minidumps are not enabled by default on client versions of Windows
#

---------------  S U M M A R Y ------------

Command Line: --add-modules=ALL-SYSTEM --add-opens=java.base/java.util=ALL-UNNAMED --add-opens=java.base/java.lang=ALL-UNNAMED --add-opens=java.base/sun.nio.fs=ALL-UNNAMED -Declipse.application=org.eclipse.jdt.ls.core.id1 -Dosgi.bundles.defaultStartLevel=4 -Declipse.product=org.eclipse.jdt.ls.core.product -Djava.import.generatesMetadataFilesAtProjectRoot=false -DDetectVMInstallationsJob.disabled=true -Dfile.encoding=utf8 -XX:+UseParallelGC -XX:GCTimeRatio=4 -XX:AdaptiveSizePolicyWeight=90 -Dsun.zip.disableMemoryMapping=true -Xmx2G -Xms100m -Xlog:disable -javaagent:c:\Users\jungm\.vscode\extensions\redhat.java-1.52.0-win32-x64\lombok\lombok-1.18.39-4050.jar -XX:+HeapDumpOnOutOfMemoryError -XX:HeapDumpPath=c:\Users\jungm\AppData\Roaming\Code\User\workspaceStorage\13ba4b384930c10f87a63ddda95ed11c\redhat.java -Daether.dependencyCollector.impl=bf c:\Users\jungm\.vscode\extensions\redhat.java-1.52.0-win32-x64\server\plugins\org.eclipse.equinox.launcher_1.7.100.v20251111-0406.jar -configuration c:\Users\jungm\AppData\Roaming\Code\User\globalStorage\redhat.java\1.52.0\config_win -data c:\Users\jungm\AppData\Roaming\Code\User\workspaceStorage\13ba4b384930c10f87a63ddda95ed11c\redhat.java\jdt_ws --pipe=\\.\pipe\lsp-fd0334136afa05c9cf71e55377b59084-sock

Host: Intel(R) Core(TM) i7-10700 CPU @ 2.90GHz, 16 cores, 31G,  Windows 10 , 64 bit Build 19041 (10.0.19041.5915)
Time: Wed Feb  4 08:01:50 2026 elapsed time: 3372.001474 seconds (0d 0h 56m 12s)

---------------  T H R E A D  ---------------

Current thread (0x00000298624ceea0):  JavaThread "Attach Listener" daemon [_thread_in_vm, id=22048, stack(0x000000a78b100000,0x000000a78b200000) (1024K)]

Stack: [0x000000a78b100000,0x000000a78b200000]
Native frames: (J=compiled Java code, j=interpreted, Vv=VM code, C=native code)
V  [jvm.dll+0x6d6e29]
V  [jvm.dll+0x8b4b76]
V  [jvm.dll+0x8b712e]
V  [jvm.dll+0x8b7813]
V  [jvm.dll+0x283d86]
V  [jvm.dll+0xc1277]
V  [jvm.dll+0x6d76d9]
V  [jvm.dll+0x133466]
V  [jvm.dll+0x3f7ea6]
V  [jvm.dll+0x85e9ad]
V  [jvm.dll+0x6d565d]
C  [ucrtbase.dll+0x21bb2]
C  [KERNEL32.DLL+0x17374]
C  [ntdll.dll+0x4cc91]


---------------  P R O C E S S  ---------------

Threads class SMR info:
_java_thread_list=0x000002986e22d4d0, length=43, elements={
0x0000029807412720, 0x00000298624c9180, 0x00000298624ca6d0, 0x00000298624cc180,
0x00000298624ceea0, 0x00000298624d1950, 0x00000298624d7590, 0x0000029809734ed0,
0x0000029809735a10, 0x00000298627bffa0, 0x0000029862826a90, 0x0000029868d75010,
0x00000298686fb9b0, 0x00000298686febc0, 0x0000029868707640, 0x00000298692f24c0,
0x0000029869138d40, 0x0000029869040ab0, 0x00000298690417d0, 0x0000029869040420,
0x0000029869043210, 0x0000029869041e60, 0x00000298690424f0, 0x0000029868f865b0,
0x0000029868f88680, 0x0000029868f837c0, 0x0000029868f87ff0, 0x0000029868f89a30,
0x0000029868f82aa0, 0x0000029868f83130, 0x0000029868f86c40, 0x0000029868f85890,
0x0000029868f85f20, 0x0000029868f88d10, 0x0000029868f83e50, 0x0000029868f893a0,
0x0000029868f872d0, 0x0000029868f87960, 0x0000029868f844e0, 0x0000029868f84b70,
0x0000029868f8a0c0, 0x000002986b7e9ff0, 0x000002986b7eeeb0
}

Java Threads: ( => current thread )
  0x0000029807412720 JavaThread "main"                              [_thread_blocked, id=46180, stack(0x000000a78aa00000,0x000000a78ab00000) (1024K)]
  0x00000298624c9180 JavaThread "Reference Handler"          daemon [_thread_blocked, id=44796, stack(0x000000a78ae00000,0x000000a78af00000) (1024K)]
  0x00000298624ca6d0 JavaThread "Finalizer"                  daemon [_thread_blocked, id=37504, stack(0x000000a78af00000,0x000000a78b000000) (1024K)]
  0x00000298624cc180 JavaThread "Signal Dispatcher"          daemon [_thread_blocked, id=39480, stack(0x000000a78b000000,0x000000a78b100000) (1024K)]
=>0x00000298624ceea0 JavaThread "Attach Listener"            daemon [_thread_in_vm, id=22048, stack(0x000000a78b100000,0x000000a78b200000) (1024K)]
  0x00000298624d1950 JavaThread "Service Thread"             daemon [_thread_blocked, id=55812, stack(0x000000a78b200000,0x000000a78b300000) (1024K)]
  0x00000298624d7590 JavaThread "Monitor Deflation Thread"   daemon [_thread_blocked, id=31548, stack(0x000000a78b300000,0x000000a78b400000) (1024K)]
  0x0000029809734ed0 JavaThread "C2 CompilerThread0"         daemon [_thread_blocked, id=21420, stack(0x000000a78b400000,0x000000a78b500000) (1024K)]
  0x0000029809735a10 JavaThread "C1 CompilerThread0"         daemon [_thread_blocked, id=47000, stack(0x000000a78b500000,0x000000a78b600000) (1024K)]
  0x00000298627bffa0 JavaThread "Common-Cleaner"             daemon [_thread_blocked, id=28456, stack(0x000000a78b900000,0x000000a78ba00000) (1024K)]
  0x0000029862826a90 JavaThread "Notification Thread"        daemon [_thread_blocked, id=10308, stack(0x000000a78bb00000,0x000000a78bc00000) (1024K)]
  0x0000029868d75010 JavaThread "Active Thread: Equinox Container: 2652486d-1a77-45a1-8b57-ea8820a89cc8"        [_thread_blocked, id=42824, stack(0x000000a78c400000,0x000000a78c500000) (1024K)]
  0x00000298686fb9b0 JavaThread "Refresh Thread: Equinox Container: 2652486d-1a77-45a1-8b57-ea8820a89cc8" daemon [_thread_blocked, id=26416, stack(0x000000a78c600000,0x000000a78c700000) (1024K)]
  0x00000298686febc0 JavaThread "Framework Event Dispatcher: Equinox Container: 2652486d-1a77-45a1-8b57-ea8820a89cc8" daemon [_thread_blocked, id=54952, stack(0x000000a78c700000,0x000000a78c800000) (1024K)]
  0x0000029868707640 JavaThread "Start Level: Equinox Container: 2652486d-1a77-45a1-8b57-ea8820a89cc8" daemon [_thread_blocked, id=30964, stack(0x000000a78c800000,0x000000a78c900000) (1024K)]
  0x00000298692f24c0 JavaThread "Bundle File Closer"         daemon [_thread_blocked, id=29292, stack(0x000000a78cc00000,0x000000a78cd00000) (1024K)]
  0x0000029869138d40 JavaThread "SCR Component Actor"        daemon [_thread_blocked, id=55704, stack(0x000000a78ce00000,0x000000a78cf00000) (1024K)]
  0x0000029869040ab0 JavaThread "Worker-JM"                         [_thread_blocked, id=48824, stack(0x000000a78cf00000,0x000000a78d000000) (1024K)]
  0x00000298690417d0 JavaThread "JNA Cleaner"                daemon [_thread_blocked, id=21940, stack(0x000000a78d100000,0x000000a78d200000) (1024K)]
  0x0000029869040420 JavaThread "Worker-0"                          [_thread_blocked, id=54096, stack(0x000000a78d200000,0x000000a78d300000) (1024K)]
  0x0000029869043210 JavaThread "Java indexing"              daemon [_thread_blocked, id=28328, stack(0x000000a78d500000,0x000000a78d600000) (1024K)]
  0x0000029869041e60 JavaThread "Worker-3"                          [_thread_blocked, id=45904, stack(0x000000a78d700000,0x000000a78d800000) (1024K)]
  0x00000298690424f0 JavaThread "Thread-1"                   daemon [_thread_in_native, id=988, stack(0x000000a78d800000,0x000000a78d900000) (1024K)]
  0x0000029868f865b0 JavaThread "Thread-2"                   daemon [_thread_in_native, id=9896, stack(0x000000a78d900000,0x000000a78da00000) (1024K)]
  0x0000029868f88680 JavaThread "Thread-3"                   daemon [_thread_in_native, id=54804, stack(0x000000a78da00000,0x000000a78db00000) (1024K)]
  0x0000029868f837c0 JavaThread "Thread-4"                   daemon [_thread_in_native, id=24424, stack(0x000000a78db00000,0x000000a78dc00000) (1024K)]
  0x0000029868f87ff0 JavaThread "Thread-5"                   daemon [_thread_in_native, id=34076, stack(0x000000a78dc00000,0x000000a78dd00000) (1024K)]
  0x0000029868f89a30 JavaThread "Thread-6"                   daemon [_thread_in_native, id=18520, stack(0x000000a78dd00000,0x000000a78de00000) (1024K)]
  0x0000029868f82aa0 JavaThread "Thread-7"                   daemon [_thread_in_native, id=32664, stack(0x000000a78de00000,0x000000a78df00000) (1024K)]
  0x0000029868f83130 JavaThread "Thread-8"                   daemon [_thread_in_native, id=22284, stack(0x000000a78df00000,0x000000a78e000000) (1024K)]
  0x0000029868f86c40 JavaThread "Thread-9"                   daemon [_thread_in_native, id=3984, stack(0x000000a78e000000,0x000000a78e100000) (1024K)]
  0x0000029868f85890 JavaThread "Thread-10"                  daemon [_thread_in_native, id=50372, stack(0x000000a78e100000,0x000000a78e200000) (1024K)]
  0x0000029868f85f20 JavaThread "Thread-11"                  daemon [_thread_in_native, id=45340, stack(0x000000a78e200000,0x000000a78e300000) (1024K)]
  0x0000029868f88d10 JavaThread "Thread-12"                  daemon [_thread_in_native, id=46828, stack(0x000000a78e300000,0x000000a78e400000) (1024K)]
  0x0000029868f83e50 JavaThread "Thread-13"                  daemon [_thread_in_native, id=52268, stack(0x000000a78e400000,0x000000a78e500000) (1024K)]
  0x0000029868f893a0 JavaThread "Thread-14"                  daemon [_thread_in_native, id=13668, stack(0x000000a78e500000,0x000000a78e600000) (1024K)]
  0x0000029868f872d0 JavaThread "Thread-15"                  daemon [_thread_in_native, id=18968, stack(0x000000a78e600000,0x000000a78e700000) (1024K)]
  0x0000029868f87960 JavaThread "Thread-16"                  daemon [_thread_in_native, id=46380, stack(0x000000a78e700000,0x000000a78e800000) (1024K)]
  0x0000029868f844e0 JavaThread "Thread-17"                  daemon [_thread_in_native, id=10588, stack(0x000000a78e800000,0x000000a78e900000) (1024K)]
  0x0000029868f84b70 JavaThread "pool-2-thread-1"                   [_thread_blocked, id=23568, stack(0x000000a78e900000,0x000000a78ea00000) (1024K)]
  0x0000029868f8a0c0 JavaThread "WorkspaceEventsHandler"            [_thread_blocked, id=31628, stack(0x000000a78ee00000,0x000000a78ef00000) (1024K)]
  0x000002986b7e9ff0 JavaThread "pool-1-thread-1"                   [_thread_blocked, id=28556, stack(0x000000a78ef00000,0x000000a78f000000) (1024K)]
  0x000002986b7eeeb0 JavaThread "Timer-0"                           [_thread_blocked, id=38788, stack(0x000000a78ec00000,0x000000a78ed00000) (1024K)]
Total: 43

Other Threads:
  0x0000029809623900 VMThread "VM Thread"                           [id=34276, stack(0x000000a78ad00000,0x000000a78ae00000) (1024K)]
  0x000002980951c3e0 WatcherThread "VM Periodic Task Thread"        [id=42368, stack(0x000000a78ac00000,0x000000a78ad00000) (1024K)]
  0x00000298096a9180 WorkerThread "GC Thread#0"                     [id=38124, stack(0x000000a78ab00000,0x000000a78ac00000) (1024K)]
  0x0000029862837a30 WorkerThread "GC Thread#1"                     [id=10160, stack(0x000000a78bd00000,0x000000a78be00000) (1024K)]
  0x0000029862837dd0 WorkerThread "GC Thread#2"                     [id=21764, stack(0x000000a78be00000,0x000000a78bf00000) (1024K)]
  0x00000298689099b0 WorkerThread "GC Thread#3"                     [id=17716, stack(0x000000a78bf00000,0x000000a78c000000) (1024K)]
  0x00000298687b2ab0 WorkerThread "GC Thread#4"                     [id=40788, stack(0x000000a78c000000,0x000000a78c100000) (1024K)]
  0x00000298687b2e50 WorkerThread "GC Thread#5"                     [id=24560, stack(0x000000a78c100000,0x000000a78c200000) (1024K)]
  0x00000298687b3600 WorkerThread "GC Thread#6"                     [id=37156, stack(0x000000a78c200000,0x000000a78c300000) (1024K)]
  0x0000029868d73790 WorkerThread "GC Thread#7"                     [id=40408, stack(0x000000a78c500000,0x000000a78c600000) (1024K)]
  0x0000029868d73ed0 WorkerThread "GC Thread#8"                     [id=50028, stack(0x000000a78c900000,0x000000a78ca00000) (1024K)]
  0x0000029868d74610 WorkerThread "GC Thread#9"                     [id=31448, stack(0x000000a78ca00000,0x000000a78cb00000) (1024K)]
  0x0000029868d749b0 WorkerThread "GC Thread#10"                    [id=22164, stack(0x000000a78cb00000,0x000000a78cc00000) (1024K)]
  0x0000029868d74270 WorkerThread "GC Thread#11"                    [id=27832, stack(0x000000a78cd00000,0x000000a78ce00000) (1024K)]
  0x0000029868d73050 WorkerThread "GC Thread#12"                    [id=25284, stack(0x000000a78d000000,0x000000a78d100000) (1024K)]
Total: 15

Threads with active compile tasks:
Total: 0

VM state: not at safepoint (normal execution)

VM Mutex/Monitor currently owned by a thread: None

Heap address: 0x0000000080000000, size: 2048 MB, Compressed Oops mode: 32-bit

CDS archive(s) mapped at: [0x0000029820000000-0x0000029820ba0000-0x0000029820ba0000), size 12189696, SharedBaseAddress: 0x0000029820000000, ArchiveRelocationMode: 1.
Compressed class space mapped at: 0x0000029821000000-0x0000029861000000, reserved size: 1073741824
Narrow klass base: 0x0000029820000000, Narrow klass shift: 0, Narrow klass range: 0x100000000

GC Precious Log:
 CardTable entry size: 512
 CPUs: 16 total, 16 available
 Memory: 32690M
 Large Page Support: Disabled
 NUMA Support: Disabled
 Compressed Oops: Enabled (32-bit)
 Alignments: Space 512K, Generation 512K, Heap 2M
 Heap Min Capacity: 100M
 Heap Initial Capacity: 100M
 Heap Max Capacity: 2G
 Pre-touch: Disabled
 Parallel Workers: 13

Heap:
 PSYoungGen      total 8704K, used 1048K [0x00000000d5580000, 0x00000000d5f80000, 0x0000000100000000)
  eden space 8192K, 6% used [0x00000000d5580000,0x00000000d5606218,0x00000000d5d80000)
  from space 512K, 100% used [0x00000000d5e80000,0x00000000d5f00000,0x00000000d5f00000)
  to   space 1024K, 0% used [0x00000000d5d80000,0x00000000d5d80000,0x00000000d5e80000)
 ParOldGen       total 113152K, used 78321K [0x0000000080000000, 0x0000000086e80000, 0x00000000d5580000)
  object space 113152K, 69% used [0x0000000080000000,0x0000000084c7c538,0x0000000086e80000)
 Metaspace       used 58897K, committed 60288K, reserved 1114112K
  class space    used 6814K, committed 7424K, reserved 1048576K

Card table byte_map: [0x0000029809030000,0x0000029809440000] _byte_map_base: 0x0000029808c30000

Marking Bits: (ParMarkBitMap*) 0x00007ffedd432460
 Begin Bits: [0x000002981bb40000, 0x000002981db40000)
 End Bits:   [0x000002981db40000, 0x000002981fb40000)

Polling page: 0x00000298073c0000

Metaspace:

Usage:
  Non-class:     50.86 MB used.
      Class:      6.65 MB used.
       Both:     57.52 MB used.

Virtual space:
  Non-class space:       64.00 MB reserved,      51.62 MB ( 81%) committed,  1 nodes.
      Class space:        1.00 GB reserved,       7.25 MB ( <1%) committed,  1 nodes.
             Both:        1.06 GB reserved,      58.88 MB (  5%) committed. 

Chunk freelists:
   Non-Class:  12.41 MB
       Class:  8.72 MB
        Both:  21.13 MB

MaxMetaspaceSize: unlimited
CompressedClassSpaceSize: 1.00 GB
Initial GC threshold: 21.00 MB
Current GC threshold: 97.31 MB
CDS: on
 - commit_granule_bytes: 65536.
 - commit_granule_words: 8192.
 - virtual_space_node_default_size: 8388608.
 - enlarge_chunks_in_place: 1.
 - use_allocation_guard: 0.


Internal statistics:

num_allocs_failed_limit: 9.
num_arena_births: 1032.
num_arena_deaths: 14.
num_vsnodes_births: 2.
num_vsnodes_deaths: 0.
num_space_committed: 942.
num_space_uncommitted: 0.
num_chunks_returned_to_freelist: 23.
num_chunks_taken_from_freelist: 3558.
num_chunk_merges: 7.
num_chunk_splits: 2316.
num_chunks_enlarged: 1490.
num_inconsistent_stats: 0.

CodeHeap 'non-profiled nmethods': size=119168Kb used=6660Kb max_used=6660Kb free=112508Kb
 bounds [0x0000029814430000, 0x0000029814ac0000, 0x000002981b890000]
CodeHeap 'profiled nmethods': size=119104Kb used=17934Kb max_used=18267Kb free=101169Kb
 bounds [0x000002980c890000, 0x000002980da70000, 0x0000029813ce0000]
CodeHeap 'non-nmethods': size=7488Kb used=1386Kb max_used=3217Kb free=6101Kb
 bounds [0x0000029813ce0000, 0x0000029814010000, 0x0000029814430000]
CodeCache: size=245760Kb, used=25980Kb, max_used=28144Kb, free=219778Kb
 total_blobs=9362, nmethods=8672, adapters=596, full_count=0
Compilation: enabled, stopped_count=0, restarted_count=0

Compilation events (20 events):
Event: 2445.690 Thread 0x0000029809734ed0 9548   !   4       java.lang.Object::wait (50 bytes)
Event: 2445.691 Thread 0x0000029809734ed0 nmethod 9548 0x0000029814aae810 code [0x0000029814aae9e0, 0x0000029814aaeba8]
Event: 2491.165 Thread 0x0000029809735a10 9549       1       org.eclipse.osgi.internal.framework.EquinoxContainer::getStorage (5 bytes)
Event: 2491.165 Thread 0x0000029809735a10 nmethod 9549 0x0000029814aaee10 code [0x0000029814aaefa0, 0x0000029814aaf068]
Event: 2563.747 Thread 0x0000029809735a10 9550       3       org.eclipse.jdt.ls.core.internal.ParentProcessWatcher::run (83 bytes)
Event: 2563.747 Thread 0x0000029809735a10 nmethod 9550 0x000002980d260c10 code [0x000002980d260ea0, 0x000002980d2618f8]
Event: 2563.748 Thread 0x0000029809735a10 9551       3       org.eclipse.jdt.ls.core.internal.ParentProcessWatcher::parentProcessStillRunning (62 bytes)
Event: 2563.748 Thread 0x0000029809735a10 nmethod 9551 0x000002980d0ad290 code [0x000002980d0ad4c0, 0x000002980d0adbc8]
Event: 2563.748 Thread 0x0000029809735a10 9552       3       java.lang.ProcessHandleImpl::<init> (15 bytes)
Event: 2563.748 Thread 0x0000029809735a10 nmethod 9552 0x000002980d0ace90 code [0x000002980d0ad040, 0x000002980d0ad1b0]
Event: 2691.686 Thread 0x0000029809734ed0 9553       4       java.util.TaskQueue::rescheduleMin (16 bytes)
Event: 2691.686 Thread 0x0000029809734ed0 nmethod 9553 0x0000029814aaf110 code [0x0000029814aaf2a0, 0x0000029814aaf3b0]
Event: 3001.626 Thread 0x0000029809734ed0 9554       4       org.eclipse.core.internal.resources.MarkerInfo::shareStrings (21 bytes)
Event: 3001.626 Thread 0x0000029809735a10 9555       3       org.eclipse.core.runtime.jobs.Job::getJobGroup (5 bytes)
Event: 3001.626 Thread 0x0000029809735a10 nmethod 9555 0x000002980d2d1990 code [0x000002980d2d1b20, 0x000002980d2d1c40]
Event: 3001.633 Thread 0x0000029809734ed0 nmethod 9554 0x0000029814aaf510 code [0x0000029814aaf760, 0x0000029814ab0208]
Event: 3092.938 Thread 0x0000029809735a10 9556   !   3       java.util.logging.LogManager::ensureLogManagerInitialized (144 bytes)
Event: 3092.938 Thread 0x0000029809735a10 nmethod 9556 0x000002980d250790 code [0x000002980d250aa0, 0x000002980d251bc0]
Event: 3203.678 Thread 0x0000029809734ed0 9557       4       org.eclipse.buildship.core.internal.util.progress.RateLimitingProgressMonitor$1::run (55 bytes)
Event: 3203.679 Thread 0x0000029809734ed0 nmethod 9557 0x0000029814ab0b10 code [0x0000029814ab0cc0, 0x0000029814ab0e60]

GC Heap History (20 events):
Event: 6.436 GC heap before
{Heap before GC invocations=76 (full 2):
 PSYoungGen      total 9216K, used 9056K [0x00000000d5580000, 0x00000000d5f80000, 0x0000000100000000)
  eden space 8192K, 100% used [0x00000000d5580000,0x00000000d5d80000,0x00000000d5d80000)
  from space 1024K, 84% used [0x00000000d5d80000,0x00000000d5e58000,0x00000000d5e80000)
  to   space 1024K, 0% used [0x00000000d5e80000,0x00000000d5e80000,0x00000000d5f80000)
 ParOldGen       total 108544K, used 108177K [0x0000000080000000, 0x0000000086a00000, 0x00000000d5580000)
  object space 108544K, 99% used [0x0000000080000000,0x00000000869a4790,0x0000000086a00000)
 Metaspace       used 58151K, committed 59456K, reserved 1114112K
  class space    used 6769K, committed 7296K, reserved 1048576K
}
Event: 6.437 GC heap after
{Heap after GC invocations=76 (full 2):
 PSYoungGen      total 9216K, used 896K [0x00000000d5580000, 0x00000000d5f80000, 0x0000000100000000)
  eden space 8192K, 0% used [0x00000000d5580000,0x00000000d5580000,0x00000000d5d80000)
  from space 1024K, 87% used [0x00000000d5e80000,0x00000000d5f60000,0x00000000d5f80000)
  to   space 1024K, 0% used [0x00000000d5d80000,0x00000000d5d80000,0x00000000d5e80000)
 ParOldGen       total 109056K, used 108729K [0x0000000080000000, 0x0000000086a80000, 0x00000000d5580000)
  object space 109056K, 99% used [0x0000000080000000,0x0000000086a2e790,0x0000000086a80000)
 Metaspace       used 58151K, committed 59456K, reserved 1114112K
  class space    used 6769K, committed 7296K, reserved 1048576K
}
Event: 6.448 GC heap before
{Heap before GC invocations=77 (full 2):
 PSYoungGen      total 9216K, used 9088K [0x00000000d5580000, 0x00000000d5f80000, 0x0000000100000000)
  eden space 8192K, 100% used [0x00000000d5580000,0x00000000d5d80000,0x00000000d5d80000)
  from space 1024K, 87% used [0x00000000d5e80000,0x00000000d5f60000,0x00000000d5f80000)
  to   space 1024K, 0% used [0x00000000d5d80000,0x00000000d5d80000,0x00000000d5e80000)
 ParOldGen       total 109056K, used 108729K [0x0000000080000000, 0x0000000086a80000, 0x00000000d5580000)
  object space 109056K, 99% used [0x0000000080000000,0x0000000086a2e790,0x0000000086a80000)
 Metaspace       used 58152K, committed 59456K, reserved 1114112K
  class space    used 6769K, committed 7296K, reserved 1048576K
}
Event: 6.448 GC heap after
{Heap after GC invocations=77 (full 2):
 PSYoungGen      total 9216K, used 768K [0x00000000d5580000, 0x00000000d5f80000, 0x0000000100000000)
  eden space 8192K, 0% used [0x00000000d5580000,0x00000000d5580000,0x00000000d5d80000)
  from space 1024K, 75% used [0x00000000d5d80000,0x00000000d5e40000,0x00000000d5e80000)
  to   space 1024K, 0% used [0x00000000d5e80000,0x00000000d5e80000,0x00000000d5f80000)
 ParOldGen       total 109568K, used 109305K [0x0000000080000000, 0x0000000086b00000, 0x00000000d5580000)
  object space 109568K, 99% used [0x0000000080000000,0x0000000086abe790,0x0000000086b00000)
 Metaspace       used 58152K, committed 59456K, reserved 1114112K
  class space    used 6769K, committed 7296K, reserved 1048576K
}
Event: 6.467 GC heap before
{Heap before GC invocations=78 (full 2):
 PSYoungGen      total 9216K, used 8960K [0x00000000d5580000, 0x00000000d5f80000, 0x0000000100000000)
  eden space 8192K, 100% used [0x00000000d5580000,0x00000000d5d80000,0x00000000d5d80000)
  from space 1024K, 75% used [0x00000000d5d80000,0x00000000d5e40000,0x00000000d5e80000)
  to   space 1024K, 0% used [0x00000000d5e80000,0x00000000d5e80000,0x00000000d5f80000)
 ParOldGen       total 109568K, used 109305K [0x0000000080000000, 0x0000000086b00000, 0x00000000d5580000)
  object space 109568K, 99% used [0x0000000080000000,0x0000000086abe790,0x0000000086b00000)
 Metaspace       used 58162K, committed 59456K, reserved 1114112K
  class space    used 6769K, committed 7296K, reserved 1048576K
}
Event: 6.468 GC heap after
{Heap after GC invocations=78 (full 2):
 PSYoungGen      total 9216K, used 960K [0x00000000d5580000, 0x00000000d5f80000, 0x0000000100000000)
  eden space 8192K, 0% used [0x00000000d5580000,0x00000000d5580000,0x00000000d5d80000)
  from space 1024K, 93% used [0x00000000d5e80000,0x00000000d5f70010,0x00000000d5f80000)
  to   space 1024K, 0% used [0x00000000d5d80000,0x00000000d5d80000,0x00000000d5e80000)
 ParOldGen       total 110080K, used 109918K [0x0000000080000000, 0x0000000086b80000, 0x00000000d5580000)
  object space 110080K, 99% used [0x0000000080000000,0x0000000086b57808,0x0000000086b80000)
 Metaspace       used 58162K, committed 59456K, reserved 1114112K
  class space    used 6769K, committed 7296K, reserved 1048576K
}
Event: 6.485 GC heap before
{Heap before GC invocations=79 (full 2):
 PSYoungGen      total 9216K, used 9152K [0x00000000d5580000, 0x00000000d5f80000, 0x0000000100000000)
  eden space 8192K, 100% used [0x00000000d5580000,0x00000000d5d80000,0x00000000d5d80000)
  from space 1024K, 93% used [0x00000000d5e80000,0x00000000d5f70010,0x00000000d5f80000)
  to   space 1024K, 0% used [0x00000000d5d80000,0x00000000d5d80000,0x00000000d5e80000)
 ParOldGen       total 110080K, used 109918K [0x0000000080000000, 0x0000000086b80000, 0x00000000d5580000)
  object space 110080K, 99% used [0x0000000080000000,0x0000000086b57808,0x0000000086b80000)
 Metaspace       used 58164K, committed 59456K, reserved 1114112K
  class space    used 6769K, committed 7296K, reserved 1048576K
}
Event: 6.486 GC heap after
{Heap after GC invocations=79 (full 2):
 PSYoungGen      total 9216K, used 704K [0x00000000d5580000, 0x00000000d5f80000, 0x0000000100000000)
  eden space 8192K, 0% used [0x00000000d5580000,0x00000000d5580000,0x00000000d5d80000)
  from space 1024K, 68% used [0x00000000d5d80000,0x00000000d5e30000,0x00000000d5e80000)
  to   space 1024K, 0% used [0x00000000d5e80000,0x00000000d5e80000,0x00000000d5f80000)
 ParOldGen       total 111104K, used 110710K [0x0000000080000000, 0x0000000086c80000, 0x00000000d5580000)
  object space 111104K, 99% used [0x0000000080000000,0x0000000086c1d818,0x0000000086c80000)
 Metaspace       used 58164K, committed 59456K, reserved 1114112K
  class space    used 6769K, committed 7296K, reserved 1048576K
}
Event: 6.508 GC heap before
{Heap before GC invocations=80 (full 2):
 PSYoungGen      total 9216K, used 8896K [0x00000000d5580000, 0x00000000d5f80000, 0x0000000100000000)
  eden space 8192K, 100% used [0x00000000d5580000,0x00000000d5d80000,0x00000000d5d80000)
  from space 1024K, 68% used [0x00000000d5d80000,0x00000000d5e30000,0x00000000d5e80000)
  to   space 1024K, 0% used [0x00000000d5e80000,0x00000000d5e80000,0x00000000d5f80000)
 ParOldGen       total 111104K, used 110710K [0x0000000080000000, 0x0000000086c80000, 0x00000000d5580000)
  object space 111104K, 99% used [0x0000000080000000,0x0000000086c1d818,0x0000000086c80000)
 Metaspace       used 58257K, committed 59520K, reserved 1114112K
  class space    used 6772K, committed 7296K, reserved 1048576K
}
Event: 6.509 GC heap after
{Heap after GC invocations=80 (full 2):
 PSYoungGen      total 9216K, used 864K [0x00000000d5580000, 0x00000000d5f80000, 0x0000000100000000)
  eden space 8192K, 0% used [0x00000000d5580000,0x00000000d5580000,0x00000000d5d80000)
  from space 1024K, 84% used [0x00000000d5e80000,0x00000000d5f58000,0x00000000d5f80000)
  to   space 1024K, 0% used [0x00000000d5d80000,0x00000000d5d80000,0x00000000d5e80000)
 ParOldGen       total 111616K, used 111286K [0x0000000080000000, 0x0000000086d00000, 0x00000000d5580000)
  object space 111616K, 99% used [0x0000000080000000,0x0000000086cad818,0x0000000086d00000)
 Metaspace       used 58257K, committed 59520K, reserved 1114112K
  class space    used 6772K, committed 7296K, reserved 1048576K
}
Event: 6.522 GC heap before
{Heap before GC invocations=81 (full 2):
 PSYoungGen      total 9216K, used 9056K [0x00000000d5580000, 0x00000000d5f80000, 0x0000000100000000)
  eden space 8192K, 100% used [0x00000000d5580000,0x00000000d5d80000,0x00000000d5d80000)
  from space 1024K, 84% used [0x00000000d5e80000,0x00000000d5f58000,0x00000000d5f80000)
  to   space 1024K, 0% used [0x00000000d5d80000,0x00000000d5d80000,0x00000000d5e80000)
 ParOldGen       total 111616K, used 111286K [0x0000000080000000, 0x0000000086d00000, 0x00000000d5580000)
  object space 111616K, 99% used [0x0000000080000000,0x0000000086cad818,0x0000000086d00000)
 Metaspace       used 58264K, committed 59520K, reserved 1114112K
  class space    used 6772K, committed 7296K, reserved 1048576K
}
Event: 6.523 GC heap after
{Heap after GC invocations=81 (full 2):
 PSYoungGen      total 9216K, used 928K [0x00000000d5580000, 0x00000000d5f80000, 0x0000000100000000)
  eden space 8192K, 0% used [0x00000000d5580000,0x00000000d5580000,0x00000000d5d80000)
  from space 1024K, 90% used [0x00000000d5d80000,0x00000000d5e68000,0x00000000d5e80000)
  to   space 1024K, 0% used [0x00000000d5e80000,0x00000000d5e80000,0x00000000d5f80000)
 ParOldGen       total 112128K, used 111942K [0x0000000080000000, 0x0000000086d80000, 0x00000000d5580000)
  object space 112128K, 99% used [0x0000000080000000,0x0000000086d51818,0x0000000086d80000)
 Metaspace       used 58264K, committed 59520K, reserved 1114112K
  class space    used 6772K, committed 7296K, reserved 1048576K
}
Event: 6.568 GC heap before
{Heap before GC invocations=82 (full 2):
 PSYoungGen      total 9216K, used 9120K [0x00000000d5580000, 0x00000000d5f80000, 0x0000000100000000)
  eden space 8192K, 100% used [0x00000000d5580000,0x00000000d5d80000,0x00000000d5d80000)
  from space 1024K, 90% used [0x00000000d5d80000,0x00000000d5e68000,0x00000000d5e80000)
  to   space 1024K, 0% used [0x00000000d5e80000,0x00000000d5e80000,0x00000000d5f80000)
 ParOldGen       total 112128K, used 111942K [0x0000000080000000, 0x0000000086d80000, 0x00000000d5580000)
  object space 112128K, 99% used [0x0000000080000000,0x0000000086d51818,0x0000000086d80000)
 Metaspace       used 58459K, committed 59776K, reserved 1114112K
  class space    used 6790K, committed 7360K, reserved 1048576K
}
Event: 6.570 GC heap after
{Heap after GC invocations=82 (full 2):
 PSYoungGen      total 9216K, used 640K [0x00000000d5580000, 0x00000000d5f80000, 0x0000000100000000)
  eden space 8192K, 0% used [0x00000000d5580000,0x00000000d5580000,0x00000000d5d80000)
  from space 1024K, 62% used [0x00000000d5e80000,0x00000000d5f20000,0x00000000d5f80000)
  to   space 1024K, 0% used [0x00000000d5d80000,0x00000000d5d80000,0x00000000d5e80000)
 ParOldGen       total 112640K, used 112630K [0x0000000080000000, 0x0000000086e00000, 0x00000000d5580000)
  object space 112640K, 99% used [0x0000000080000000,0x0000000086dfd818,0x0000000086e00000)
 Metaspace       used 58459K, committed 59776K, reserved 1114112K
  class space    used 6790K, committed 7360K, reserved 1048576K
}
Event: 6.585 GC heap before
{Heap before GC invocations=83 (full 2):
 PSYoungGen      total 9216K, used 1790K [0x00000000d5580000, 0x00000000d5f80000, 0x0000000100000000)
  eden space 8192K, 14% used [0x00000000d5580000,0x00000000d569f840,0x00000000d5d80000)
  from space 1024K, 62% used [0x00000000d5e80000,0x00000000d5f20000,0x00000000d5f80000)
  to   space 1024K, 0% used [0x00000000d5d80000,0x00000000d5d80000,0x00000000d5e80000)
 ParOldGen       total 112640K, used 112630K [0x0000000080000000, 0x0000000086e00000, 0x00000000d5580000)
  object space 112640K, 99% used [0x0000000080000000,0x0000000086dfd818,0x0000000086e00000)
 Metaspace       used 58482K, committed 59776K, reserved 1114112K
  class space    used 6792K, committed 7360K, reserved 1048576K
}
Event: 6.586 GC heap after
{Heap after GC invocations=83 (full 2):
 PSYoungGen      total 9216K, used 288K [0x00000000d5580000, 0x00000000d5f00000, 0x0000000100000000)
  eden space 8192K, 0% used [0x00000000d5580000,0x00000000d5580000,0x00000000d5d80000)
  from space 1024K, 28% used [0x00000000d5d80000,0x00000000d5dc8000,0x00000000d5e80000)
  to   space 512K, 0% used [0x00000000d5e80000,0x00000000d5e80000,0x00000000d5f00000)
 ParOldGen       total 113152K, used 113074K [0x0000000080000000, 0x0000000086e80000, 0x00000000d5580000)
  object space 113152K, 99% used [0x0000000080000000,0x0000000086e6cb70,0x0000000086e80000)
 Metaspace       used 58482K, committed 59776K, reserved 1114112K
  class space    used 6792K, committed 7360K, reserved 1048576K
}
Event: 6.586 GC heap before
{Heap before GC invocations=84 (full 3):
 PSYoungGen      total 9216K, used 288K [0x00000000d5580000, 0x00000000d5f00000, 0x0000000100000000)
  eden space 8192K, 0% used [0x00000000d5580000,0x00000000d5580000,0x00000000d5d80000)
  from space 1024K, 28% used [0x00000000d5d80000,0x00000000d5dc8000,0x00000000d5e80000)
  to   space 512K, 0% used [0x00000000d5e80000,0x00000000d5e80000,0x00000000d5f00000)
 ParOldGen       total 113152K, used 113074K [0x0000000080000000, 0x0000000086e80000, 0x00000000d5580000)
  object space 113152K, 99% used [0x0000000080000000,0x0000000086e6cb70,0x0000000086e80000)
 Metaspace       used 58482K, committed 59776K, reserved 1114112K
  class space    used 6792K, committed 7360K, reserved 1048576K
}
Event: 6.642 GC heap after
{Heap after GC invocations=84 (full 3):
 PSYoungGen      total 9216K, used 0K [0x00000000d5580000, 0x00000000d5f00000, 0x0000000100000000)
  eden space 8192K, 0% used [0x00000000d5580000,0x00000000d5580000,0x00000000d5d80000)
  from space 1024K, 0% used [0x00000000d5d80000,0x00000000d5d80000,0x00000000d5e80000)
  to   space 512K, 0% used [0x00000000d5e80000,0x00000000d5e80000,0x00000000d5f00000)
 ParOldGen       total 113152K, used 78201K [0x0000000080000000, 0x0000000086e80000, 0x00000000d5580000)
  object space 113152K, 69% used [0x0000000080000000,0x0000000084c5e538,0x0000000086e80000)
 Metaspace       used 58482K, committed 59776K, reserved 1114112K
  class space    used 6792K, committed 7360K, reserved 1048576K
}
Event: 702.669 GC heap before
{Heap before GC invocations=85 (full 3):
 PSYoungGen      total 9216K, used 8192K [0x00000000d5580000, 0x00000000d5f00000, 0x0000000100000000)
  eden space 8192K, 100% used [0x00000000d5580000,0x00000000d5d80000,0x00000000d5d80000)
  from space 1024K, 0% used [0x00000000d5d80000,0x00000000d5d80000,0x00000000d5e80000)
  to   space 512K, 0% used [0x00000000d5e80000,0x00000000d5e80000,0x00000000d5f00000)
 ParOldGen       total 113152K, used 78201K [0x0000000080000000, 0x0000000086e80000, 0x00000000d5580000)
  object space 113152K, 69% used [0x0000000080000000,0x0000000084c5e538,0x0000000086e80000)
 Metaspace       used 58861K, committed 60224K, reserved 1114112K
  class space    used 6814K, committed 7424K, reserved 1048576K
}
Event: 702.670 GC heap after
{Heap after GC invocations=85 (full 3):
 PSYoungGen      total 8704K, used 512K [0x00000000d5580000, 0x00000000d5f80000, 0x0000000100000000)
  eden space 8192K, 0% used [0x00000000d5580000,0x00000000d5580000,0x00000000d5d80000)
  from space 512K, 100% used [0x00000000d5e80000,0x00000000d5f00000,0x00000000d5f00000)
  to   space 1024K, 0% used [0x00000000d5d80000,0x00000000d5d80000,0x00000000d5e80000)
 ParOldGen       total 113152K, used 78321K [0x0000000080000000, 0x0000000086e80000, 0x00000000d5580000)
  object space 113152K, 69% used [0x0000000080000000,0x0000000084c7c538,0x0000000086e80000)
 Metaspace       used 58861K, committed 60224K, reserved 1114112K
  class space    used 6814K, committed 7424K, reserved 1048576K
}

Dll operation events (13 events):
Event: 0.011 Loaded shared library c:\Users\jungm\.vscode\extensions\redhat.java-1.52.0-win32-x64\jre\21.0.9-win32-x86_64\bin\java.dll
Event: 0.031 Loaded shared library c:\Users\jungm\.vscode\extensions\redhat.java-1.52.0-win32-x64\jre\21.0.9-win32-x86_64\bin\zip.dll
Event: 0.067 Loaded shared library C:\Users\jungm\.vscode\extensions\redhat.java-1.52.0-win32-x64\jre\21.0.9-win32-x86_64\bin\instrument.dll
Event: 0.071 Loaded shared library C:\Users\jungm\.vscode\extensions\redhat.java-1.52.0-win32-x64\jre\21.0.9-win32-x86_64\bin\net.dll
Event: 0.073 Loaded shared library C:\Users\jungm\.vscode\extensions\redhat.java-1.52.0-win32-x64\jre\21.0.9-win32-x86_64\bin\nio.dll
Event: 0.076 Loaded shared library C:\Users\jungm\.vscode\extensions\redhat.java-1.52.0-win32-x64\jre\21.0.9-win32-x86_64\bin\zip.dll
Event: 0.085 Loaded shared library C:\Users\jungm\.vscode\extensions\redhat.java-1.52.0-win32-x64\jre\21.0.9-win32-x86_64\bin\jimage.dll
Event: 0.131 Loaded shared library c:\Users\jungm\.vscode\extensions\redhat.java-1.52.0-win32-x64\jre\21.0.9-win32-x86_64\bin\verify.dll
Event: 0.738 Loaded shared library C:\Users\jungm\AppData\Roaming\Code\User\globalStorage\redhat.java\1.52.0\config_win\org.eclipse.equinox.launcher\org.eclipse.equinox.launcher.win32.win32.x86_64_1.2.1500.v20260121-1430\eclipse_11919.dll
Event: 1.484 Loaded shared library C:\Users\jungm\AppData\Local\Temp\jna--445264498\jna11955173901749587408.dll
Event: 4.481 Loaded shared library C:\Users\jungm\.gradle\native\1def1411415f61bf3af743bc5b6707747c0891f09f0c88961ee8f79bc544acac\windows-amd64\native-platform.dll
Event: 5.158 Loaded shared library C:\Users\jungm\.vscode\extensions\redhat.java-1.52.0-win32-x64\jre\21.0.9-win32-x86_64\bin\management.dll
Event: 5.160 Loaded shared library C:\Users\jungm\.vscode\extensions\redhat.java-1.52.0-win32-x64\jre\21.0.9-win32-x86_64\bin\management_ext.dll

Deoptimization events (20 events):
Event: 30.625 Thread 0x0000029868d75010 Uncommon trap: trap_request=0xffffff45 fr.pc=0x00000298144d5b60 relative=0x0000000000000200
Event: 30.625 Thread 0x0000029868d75010 Uncommon trap: reason=unstable_if action=reinterpret pc=0x00000298144d5b60 method=java.util.HashMap.getNode(Ljava/lang/Object;)Ljava/util/HashMap$Node; @ 131 c2
Event: 30.625 Thread 0x0000029868d75010 DEOPT PACKING pc=0x00000298144d5b60 sp=0x000000a78c4fec90
Event: 30.625 Thread 0x0000029868d75010 DEOPT UNPACKING pc=0x0000029813d33aa2 sp=0x000000a78c4feba0 mode 2
Event: 30.625 Thread 0x0000029868d75010 Uncommon trap: trap_request=0xffffff45 fr.pc=0x00000298144d4ba8 relative=0x0000000000000248
Event: 30.625 Thread 0x0000029868d75010 Uncommon trap: reason=unstable_if action=reinterpret pc=0x00000298144d4ba8 method=java.util.HashMap.getNode(Ljava/lang/Object;)Ljava/util/HashMap$Node; @ 131 c2
Event: 30.625 Thread 0x0000029868d75010 DEOPT PACKING pc=0x00000298144d4ba8 sp=0x000000a78c4febb0
Event: 30.625 Thread 0x0000029868d75010 DEOPT UNPACKING pc=0x0000029813d33aa2 sp=0x000000a78c4feb30 mode 2
Event: 1201.621 Thread 0x0000029869041e60 Uncommon trap: trap_request=0xffffff45 fr.pc=0x0000029814aa2878 relative=0x00000000000017f8
Event: 1201.621 Thread 0x0000029869041e60 Uncommon trap: reason=unstable_if action=reinterpret pc=0x0000029814aa2878 method=org.eclipse.core.internal.utils.StringPool.add(Ljava/lang/String;)Ljava/lang/String; @ 1 c2
Event: 1201.621 Thread 0x0000029869041e60 DEOPT PACKING pc=0x0000029814aa2878 sp=0x000000a78d7fef90
Event: 1201.621 Thread 0x0000029869041e60 DEOPT UNPACKING pc=0x0000029813d33aa2 sp=0x000000a78d7feee8 mode 2
Event: 1201.621 Thread 0x0000029869041e60 Uncommon trap: trap_request=0xffffff45 fr.pc=0x0000029814a9ed00 relative=0x0000000000001880
Event: 1201.621 Thread 0x0000029869041e60 Uncommon trap: reason=unstable_if action=reinterpret pc=0x0000029814a9ed00 method=org.eclipse.core.internal.utils.StringPool.add(Ljava/lang/String;)Ljava/lang/String; @ 1 c2
Event: 1201.621 Thread 0x0000029869041e60 DEOPT PACKING pc=0x0000029814a9ed00 sp=0x000000a78d7fef40
Event: 1201.621 Thread 0x0000029869041e60 DEOPT UNPACKING pc=0x0000029813d33aa2 sp=0x000000a78d7feee8 mode 2
Event: 1201.621 Thread 0x0000029869041e60 Uncommon trap: trap_request=0xffffff45 fr.pc=0x0000029814a9c7e4 relative=0x0000000000000804
Event: 1201.621 Thread 0x0000029869041e60 Uncommon trap: reason=unstable_if action=reinterpret pc=0x0000029814a9c7e4 method=org.eclipse.core.internal.utils.StringPool.add(Ljava/lang/String;)Ljava/lang/String; @ 1 c2
Event: 1201.621 Thread 0x0000029869041e60 DEOPT PACKING pc=0x0000029814a9c7e4 sp=0x000000a78d7fef10
Event: 1201.621 Thread 0x0000029869041e60 DEOPT UNPACKING pc=0x0000029813d33aa2 sp=0x000000a78d7feee8 mode 2

Classes loaded (20 events):
Event: 30.654 Loading class sun/util/cldr/CLDRTimeZoneNameProviderImpl
Event: 30.654 Loading class sun/util/locale/provider/TimeZoneNameProviderImpl
Event: 30.654 Loading class sun/util/locale/provider/TimeZoneNameProviderImpl done
Event: 30.654 Loading class sun/util/cldr/CLDRTimeZoneNameProviderImpl done
Event: 30.656 Loading class sun/util/resources/cldr/TimeZoneNames
Event: 30.656 Loading class sun/util/resources/TimeZoneNamesBundle
Event: 30.656 Loading class sun/util/resources/OpenListResourceBundle
Event: 30.656 Loading class sun/util/resources/OpenListResourceBundle done
Event: 30.656 Loading class sun/util/resources/TimeZoneNamesBundle done
Event: 30.656 Loading class sun/util/resources/cldr/TimeZoneNames done
Event: 30.656 Loading class sun/util/resources/cldr/TimeZoneNames_en
Event: 30.657 Loading class sun/util/resources/cldr/TimeZoneNames_en done
Event: 30.657 Loading class sun/util/resources/cldr/TimeZoneNames_en_US
Event: 30.657 Loading class sun/util/resources/cldr/TimeZoneNames_en_US done
Event: 30.658 Loading class sun/util/cldr/CLDRBaseLocaleDataMetaInfo$TZCanonicalIDMapHolder
Event: 30.659 Loading class sun/util/cldr/CLDRBaseLocaleDataMetaInfo$TZCanonicalIDMapHolder done
Event: 30.660 Loading class sun/util/resources/TimeZoneNames
Event: 30.660 Loading class sun/util/resources/TimeZoneNames done
Event: 30.661 Loading class sun/util/resources/TimeZoneNames_en
Event: 30.661 Loading class sun/util/resources/TimeZoneNames_en done

Classes unloaded (7 events):
Event: 1.826 Thread 0x0000029809623900 Unloading class 0x00000298211ab000 'java/lang/invoke/LambdaForm$MH+0x00000298211ab000'
Event: 1.826 Thread 0x0000029809623900 Unloading class 0x00000298211aac00 'java/lang/invoke/LambdaForm$MH+0x00000298211aac00'
Event: 1.826 Thread 0x0000029809623900 Unloading class 0x00000298211aa800 'java/lang/invoke/LambdaForm$MH+0x00000298211aa800'
Event: 1.826 Thread 0x0000029809623900 Unloading class 0x00000298211aa400 'java/lang/invoke/LambdaForm$MH+0x00000298211aa400'
Event: 1.826 Thread 0x0000029809623900 Unloading class 0x00000298211aa000 'java/lang/invoke/LambdaForm$BMH+0x00000298211aa000'
Event: 1.826 Thread 0x0000029809623900 Unloading class 0x00000298211a9c00 'java/lang/invoke/LambdaForm$DMH+0x00000298211a9c00'
Event: 1.826 Thread 0x0000029809623900 Unloading class 0x00000298211a8c00 'java/lang/invoke/LambdaForm$DMH+0x00000298211a8c00'

Classes redefined (0 events):
No events

Internal exceptions (20 events):
Event: 6.656 Thread 0x000002986b7ecde0 Exception <a 'sun/nio/fs/WindowsException'{0x00000000d56a50b8}> (0x00000000d56a50b8) 
thrown [s\src\hotspot\share\prims\jni.cpp, line 520]
Event: 6.656 Thread 0x000002986b7ecde0 Exception <a 'sun/nio/fs/WindowsException'{0x00000000d56a5e00}> (0x00000000d56a5e00) 
thrown [s\src\hotspot\share\prims\jni.cpp, line 520]
Event: 6.656 Thread 0x000002986b7ecde0 Exception <a 'sun/nio/fs/WindowsException'{0x00000000d56ba880}> (0x00000000d56ba880) 
thrown [s\src\hotspot\share\prims\jni.cpp, line 520]
Event: 6.658 Thread 0x000002986b7ecde0 Exception <a 'sun/nio/fs/WindowsException'{0x00000000d57222a0}> (0x00000000d57222a0) 
thrown [s\src\hotspot\share\prims\jni.cpp, line 520]
Event: 6.658 Thread 0x000002986b7ecde0 Exception <a 'sun/nio/fs/WindowsException'{0x00000000d5722b80}> (0x00000000d5722b80) 
thrown [s\src\hotspot\share\prims\jni.cpp, line 520]
Event: 6.667 Thread 0x000002986b7ecde0 Exception <a 'sun/nio/fs/WindowsException'{0x00000000d57dc0f8}> (0x00000000d57dc0f8) 
thrown [s\src\hotspot\share\prims\jni.cpp, line 520]
Event: 6.667 Thread 0x000002986b7ecde0 Exception <a 'sun/nio/fs/WindowsException'{0x00000000d57dc9d8}> (0x00000000d57dc9d8) 
thrown [s\src\hotspot\share\prims\jni.cpp, line 520]
Event: 6.668 Thread 0x000002986b7ecde0 Exception <a 'sun/nio/fs/WindowsException'{0x00000000d57dd720}> (0x00000000d57dd720) 
thrown [s\src\hotspot\share\prims\jni.cpp, line 520]
Event: 6.668 Thread 0x000002986b7ecde0 Exception <a 'sun/nio/fs/WindowsException'{0x00000000d57de000}> (0x00000000d57de000) 
thrown [s\src\hotspot\share\prims\jni.cpp, line 520]
Event: 6.668 Thread 0x000002986b7ecde0 Exception <a 'sun/nio/fs/WindowsException'{0x00000000d57df6e0}> (0x00000000d57df6e0) 
thrown [s\src\hotspot\share\prims\jni.cpp, line 520]
Event: 6.668 Thread 0x000002986b7ecde0 Exception <a 'sun/nio/fs/WindowsException'{0x00000000d57dffc0}> (0x00000000d57dffc0) 
thrown [s\src\hotspot\share\prims\jni.cpp, line 520]
Event: 6.677 Thread 0x000002986b7ecde0 Exception <a 'sun/nio/fs/WindowsException'{0x00000000d5870ea0}> (0x00000000d5870ea0) 
thrown [s\src\hotspot\share\prims\jni.cpp, line 520]
Event: 6.677 Thread 0x000002986b7ecde0 Exception <a 'sun/nio/fs/WindowsException'{0x00000000d5871780}> (0x00000000d5871780) 
thrown [s\src\hotspot\share\prims\jni.cpp, line 520]
Event: 6.678 Thread 0x000002986b7ecde0 Exception <a 'sun/nio/fs/WindowsException'{0x00000000d58724c8}> (0x00000000d58724c8) 
thrown [s\src\hotspot\share\prims\jni.cpp, line 520]
Event: 6.678 Thread 0x000002986b7ecde0 Exception <a 'sun/nio/fs/WindowsException'{0x00000000d5872da8}> (0x00000000d5872da8) 
thrown [s\src\hotspot\share\prims\jni.cpp, line 520]
Event: 6.678 Thread 0x000002986b7ecde0 Exception <a 'sun/nio/fs/WindowsException'{0x00000000d5874488}> (0x00000000d5874488) 
thrown [s\src\hotspot\share\prims\jni.cpp, line 520]
Event: 6.678 Thread 0x000002986b7ecde0 Exception <a 'sun/nio/fs/WindowsException'{0x00000000d5874d68}> (0x00000000d5874d68) 
thrown [s\src\hotspot\share\prims\jni.cpp, line 520]
Event: 1201.621 Thread 0x0000029869041e60 Implicit null exception at 0x0000029814aa10cf to 0x0000029814aa2860
Event: 1201.621 Thread 0x0000029869041e60 Implicit null exception at 0x0000029814a9d4cd to 0x0000029814a9ecec
Event: 1201.621 Thread 0x0000029869041e60 Implicit null exception at 0x0000029814a9c023 to 0x0000029814a9c7d4

ZGC Phase Switch (0 events):
No events

VM Operations (20 events):
Event: 3067.766 Executing VM operation: HandshakeAllThreads (HandshakeForDeflation)
Event: 3067.766 Executing VM operation: HandshakeAllThreads (HandshakeForDeflation) done
Event: 3067.766 Executing VM operation: RendezvousGCThreads
Event: 3067.766 Executing VM operation: RendezvousGCThreads done
Event: 3127.990 Executing VM operation: HandshakeAllThreads (HandshakeForDeflation)
Event: 3127.990 Executing VM operation: HandshakeAllThreads (HandshakeForDeflation) done
Event: 3127.990 Executing VM operation: RendezvousGCThreads
Event: 3127.990 Executing VM operation: RendezvousGCThreads done
Event: 3188.023 Executing VM operation: HandshakeAllThreads (HandshakeForDeflation)
Event: 3188.023 Executing VM operation: HandshakeAllThreads (HandshakeForDeflation) done
Event: 3188.023 Executing VM operation: RendezvousGCThreads
Event: 3188.023 Executing VM operation: RendezvousGCThreads done
Event: 3248.158 Executing VM operation: HandshakeAllThreads (HandshakeForDeflation)
Event: 3248.158 Executing VM operation: HandshakeAllThreads (HandshakeForDeflation) done
Event: 3248.158 Executing VM operation: RendezvousGCThreads
Event: 3248.158 Executing VM operation: RendezvousGCThreads done
Event: 3308.345 Executing VM operation: HandshakeAllThreads (HandshakeForDeflation)
Event: 3308.345 Executing VM operation: HandshakeAllThreads (HandshakeForDeflation) done
Event: 3308.345 Executing VM operation: RendezvousGCThreads
Event: 3308.345 Executing VM operation: RendezvousGCThreads done

Memory protections (0 events):
No events

Nmethod flushes (20 events):
Event: 6.610 Thread 0x0000029809623900 flushing  nmethod 0x000002980d2cf890
Event: 6.610 Thread 0x0000029809623900 flushing  nmethod 0x000002980d2d0290
Event: 6.610 Thread 0x0000029809623900 flushing  nmethod 0x000002980d2d0690
Event: 6.610 Thread 0x0000029809623900 flushing  nmethod 0x000002980d2d1990
Event: 6.610 Thread 0x0000029809623900 flushing  nmethod 0x000002980d2d2e90
Event: 6.610 Thread 0x0000029809623900 flushing  nmethod 0x000002980d2d4390
Event: 6.610 Thread 0x0000029809623900 flushing  nmethod 0x000002980d2e5110
Event: 6.610 Thread 0x0000029809623900 flushing  nmethod 0x000002980d309490
Event: 6.610 Thread 0x0000029809623900 flushing  nmethod 0x000002980d324b10
Event: 6.610 Thread 0x0000029809623900 flushing  nmethod 0x000002980d326410
Event: 6.610 Thread 0x0000029809623900 flushing  nmethod 0x000002980d327f10
Event: 6.610 Thread 0x0000029809623900 flushing  nmethod 0x000002980d328910
Event: 6.610 Thread 0x0000029809623900 flushing  nmethod 0x000002980d328d90
Event: 6.610 Thread 0x0000029809623900 flushing  nmethod 0x000002980d32a690
Event: 6.610 Thread 0x0000029809623900 flushing  nmethod 0x000002980d32e890
Event: 6.610 Thread 0x0000029809623900 flushing  nmethod 0x000002980d32f110
Event: 6.610 Thread 0x0000029809623900 flushing  nmethod 0x000002980d33bd90
Event: 6.610 Thread 0x0000029809623900 flushing  nmethod 0x000002980d373d90
Event: 6.610 Thread 0x0000029809623900 flushing  nmethod 0x000002980d37e710
Event: 6.610 Thread 0x0000029809623900 flushing  nmethod 0x000002980d3c8f90

Events (20 events):
Event: 66.681 Thread 0x000002986b7ecde0 Thread exited: 0x000002986b7ecde0
Event: 67.600 Thread 0x0000029869042b80 Thread exited: 0x0000029869042b80
Event: 67.600 Thread 0x0000029868f85200 Thread exited: 0x0000029868f85200
Event: 67.630 Thread 0x0000029869041140 Thread exited: 0x0000029869041140
Event: 126.681 Thread 0x000002986b7ec0c0 Thread exited: 0x000002986b7ec0c0
Event: 186.682 Thread 0x000002986b7ed470 Thread exited: 0x000002986b7ed470
Event: 246.683 Thread 0x000002986b7ea680 Thread exited: 0x000002986b7ea680
Event: 301.621 Thread 0x0000029809735a10 Thread added: 0x000002986a39ec70
Event: 306.645 Thread 0x000002986a39ec70 Thread exited: 0x000002986a39ec70
Event: 306.688 Thread 0x000002986b7f0260 Thread exited: 0x000002986b7f0260
Event: 366.697 Thread 0x000002986b7edb00 Thread exited: 0x000002986b7edb00
Event: 426.698 Thread 0x000002986b7ee820 Thread exited: 0x000002986b7ee820
Event: 486.698 Thread 0x000002986b7efbd0 Thread exited: 0x000002986b7efbd0
Event: 546.710 Thread 0x000002986b7ee190 Thread exited: 0x000002986b7ee190
Event: 606.710 Thread 0x000002986b7ef540 Thread exited: 0x000002986b7ef540
Event: 666.711 Thread 0x000002986b7eb3a0 Thread exited: 0x000002986b7eb3a0
Event: 726.711 Thread 0x000002986b7f08f0 Thread exited: 0x000002986b7f08f0
Event: 786.712 Thread 0x000002986b7ec750 Thread exited: 0x000002986b7ec750
Event: 846.724 Thread 0x000002986b7e92d0 Thread exited: 0x000002986b7e92d0
Event: 906.725 Thread 0x000002986b7ead10 Thread exited: 0x000002986b7ead10


Dynamic libraries:
0x00007ff692b00000 - 0x00007ff692b0e000 	c:\Users\jungm\.vscode\extensions\redhat.java-1.52.0-win32-x64\jre\21.0.9-win32-x86_64\bin\java.exe
0x00007fff205f0000 - 0x00007fff207e8000 	C:\WINDOWS\SYSTEM32\ntdll.dll
0x00007fff1e8d0000 - 0x00007fff1e992000 	C:\WINDOWS\System32\KERNEL32.DLL
0x00007fff1dee0000 - 0x00007fff1e1d6000 	C:\WINDOWS\System32\KERNELBASE.dll
0x00007fff1adf0000 - 0x00007fff1ae84000 	C:\WINDOWS\SYSTEM32\apphelp.dll
0x00007fff1dcd0000 - 0x00007fff1ddd0000 	C:\WINDOWS\System32\ucrtbase.dll
0x00007ffef0540000 - 0x00007ffef055e000 	c:\Users\jungm\.vscode\extensions\redhat.java-1.52.0-win32-x64\jre\21.0.9-win32-x86_64\bin\VCRUNTIME140.dll
0x00007ffefaf20000 - 0x00007ffefaf38000 	c:\Users\jungm\.vscode\extensions\redhat.java-1.52.0-win32-x64\jre\21.0.9-win32-x86_64\bin\jli.dll
0x00007fff1e610000 - 0x00007fff1e7b1000 	C:\WINDOWS\System32\USER32.dll
0x00007fff1e3e0000 - 0x00007fff1e402000 	C:\WINDOWS\System32\win32u.dll
0x00007fff1ed60000 - 0x00007fff1ed8b000 	C:\WINDOWS\System32\GDI32.dll
0x00007fff1e1e0000 - 0x00007fff1e2f9000 	C:\WINDOWS\System32\gdi32full.dll
0x00007fff0fd40000 - 0x00007fff0ffdb000 	C:\WINDOWS\WinSxS\amd64_microsoft.windows.common-controls_6595b64144ccf1df_6.0.19041.6456_none_60b8a6cb71f64256\COMCTL32.dll
0x00007fff1e570000 - 0x00007fff1e60d000 	C:\WINDOWS\System32\msvcp_win.dll
0x00007fff1e820000 - 0x00007fff1e8be000 	C:\WINDOWS\System32\msvcrt.dll
0x00007fff20080000 - 0x00007fff200af000 	C:\WINDOWS\System32\IMM32.DLL
0x00007fff0d4c0000 - 0x00007fff0d4cc000 	c:\Users\jungm\.vscode\extensions\redhat.java-1.52.0-win32-x64\jre\21.0.9-win32-x86_64\bin\vcruntime140_1.dll
0x00007ffee9c70000 - 0x00007ffee9cfd000 	c:\Users\jungm\.vscode\extensions\redhat.java-1.52.0-win32-x64\jre\21.0.9-win32-x86_64\bin\msvcp140.dll
0x00007ffedc770000 - 0x00007ffedd510000 	c:\Users\jungm\.vscode\extensions\redhat.java-1.52.0-win32-x64\jre\21.0.9-win32-x86_64\bin\server\jvm.dll
0x00007fff202f0000 - 0x00007fff203a1000 	C:\WINDOWS\System32\ADVAPI32.dll
0x00007fff1fd60000 - 0x00007fff1fdff000 	C:\WINDOWS\System32\sechost.dll
0x00007fff1fe00000 - 0x00007fff1ff20000 	C:\WINDOWS\System32\RPCRT4.dll
0x00007fff1e300000 - 0x00007fff1e327000 	C:\WINDOWS\System32\bcrypt.dll
0x00007fff20000000 - 0x00007fff2006b000 	C:\WINDOWS\System32\WS2_32.dll
0x00007fff1d1e0000 - 0x00007fff1d22b000 	C:\WINDOWS\SYSTEM32\POWRPROF.dll
0x00007fff0e9d0000 - 0x00007fff0e9f7000 	C:\WINDOWS\SYSTEM32\WINMM.dll
0x00007fff18050000 - 0x00007fff1805a000 	C:\WINDOWS\SYSTEM32\VERSION.dll
0x00007fff1d040000 - 0x00007fff1d052000 	C:\WINDOWS\SYSTEM32\UMPDC.dll
0x00007fff1bad0000 - 0x00007fff1bae2000 	C:\WINDOWS\SYSTEM32\kernel.appcore.dll
0x00007ffefaf50000 - 0x00007ffefaf5a000 	c:\Users\jungm\.vscode\extensions\redhat.java-1.52.0-win32-x64\jre\21.0.9-win32-x86_64\bin\jimage.dll
0x00007fff0d4f0000 - 0x00007fff0d6f1000 	C:\WINDOWS\SYSTEM32\DBGHELP.DLL
0x00007fff06930000 - 0x00007fff06964000 	C:\WINDOWS\SYSTEM32\dbgcore.DLL
0x00007fff1de50000 - 0x00007fff1ded2000 	C:\WINDOWS\System32\bcryptPrimitives.dll
0x00007fff1a2d0000 - 0x00007fff1a2df000 	c:\Users\jungm\.vscode\extensions\redhat.java-1.52.0-win32-x64\jre\21.0.9-win32-x86_64\bin\instrument.dll
0x00007ffefaed0000 - 0x00007ffefaef0000 	c:\Users\jungm\.vscode\extensions\redhat.java-1.52.0-win32-x64\jre\21.0.9-win32-x86_64\bin\java.dll
0x00007fff1f290000 - 0x00007fff1fa00000 	C:\WINDOWS\System32\SHELL32.dll
0x00007fff1bcd0000 - 0x00007fff1c475000 	C:\WINDOWS\SYSTEM32\windows.storage.dll
0x00007fff1fa00000 - 0x00007fff1fd54000 	C:\WINDOWS\System32\combase.dll
0x00007fff1d6b0000 - 0x00007fff1d6db000 	C:\WINDOWS\SYSTEM32\Wldp.dll
0x00007fff1eab0000 - 0x00007fff1eb7d000 	C:\WINDOWS\System32\OLEAUT32.dll
0x00007fff1e9a0000 - 0x00007fff1ea4d000 	C:\WINDOWS\System32\SHCORE.dll
0x00007fff1ea50000 - 0x00007fff1eaab000 	C:\WINDOWS\System32\shlwapi.dll
0x00007fff1dbb0000 - 0x00007fff1dbd4000 	C:\WINDOWS\SYSTEM32\profapi.dll
0x00007ffee9ee0000 - 0x00007ffee9ef8000 	c:\Users\jungm\.vscode\extensions\redhat.java-1.52.0-win32-x64\jre\21.0.9-win32-x86_64\bin\zip.dll
0x00007ffefaf10000 - 0x00007ffefaf20000 	C:\Users\jungm\.vscode\extensions\redhat.java-1.52.0-win32-x64\jre\21.0.9-win32-x86_64\bin\net.dll
0x00007fff18d50000 - 0x00007fff18e5a000 	C:\WINDOWS\SYSTEM32\WINHTTP.dll
0x00007fff1d3c0000 - 0x00007fff1d42a000 	C:\WINDOWS\system32\mswsock.dll
0x00007ffee9af0000 - 0x00007ffee9b06000 	C:\Users\jungm\.vscode\extensions\redhat.java-1.52.0-win32-x64\jre\21.0.9-win32-x86_64\bin\nio.dll
0x00007fff1a200000 - 0x00007fff1a210000 	c:\Users\jungm\.vscode\extensions\redhat.java-1.52.0-win32-x64\jre\21.0.9-win32-x86_64\bin\verify.dll
0x00007ffef92e0000 - 0x00007ffef9325000 	C:\Users\jungm\AppData\Roaming\Code\User\globalStorage\redhat.java\1.52.0\config_win\org.eclipse.equinox.launcher\org.eclipse.equinox.launcher.win32.win32.x86_64_1.2.1500.v20260121-1430\eclipse_11919.dll
0x00007fff1ec30000 - 0x00007fff1ed5b000 	C:\WINDOWS\System32\ole32.dll
0x00007fff1d570000 - 0x00007fff1d588000 	C:\WINDOWS\SYSTEM32\CRYPTSP.dll
0x00007fff1cc80000 - 0x00007fff1ccb8000 	C:\WINDOWS\system32\rsaenh.dll
0x00007fff1db30000 - 0x00007fff1db5e000 	C:\WINDOWS\SYSTEM32\USERENV.dll
0x00007fff1d590000 - 0x00007fff1d59c000 	C:\WINDOWS\SYSTEM32\CRYPTBASE.dll
0x00007fff1d060000 - 0x00007fff1d09b000 	C:\WINDOWS\SYSTEM32\IPHLPAPI.DLL
0x00007fff20070000 - 0x00007fff20078000 	C:\WINDOWS\System32\NSI.dll
0x00007ffeef570000 - 0x00007ffeef5b9000 	C:\Users\jungm\AppData\Local\Temp\jna--445264498\jna11955173901749587408.dll
0x00007fff200b0000 - 0x00007fff200b8000 	C:\WINDOWS\System32\PSAPI.DLL
0x00007fff18610000 - 0x00007fff18627000 	C:\WINDOWS\SYSTEM32\dhcpcsvc6.DLL
0x00007fff185d0000 - 0x00007fff185ed000 	C:\WINDOWS\SYSTEM32\dhcpcsvc.DLL
0x00007ffefe040000 - 0x00007ffefe067000 	C:\Users\jungm\.gradle\native\1def1411415f61bf3af743bc5b6707747c0891f09f0c88961ee8f79bc544acac\windows-amd64\native-platform.dll
0x00007ffef8af0000 - 0x00007ffef8afa000 	C:\Users\jungm\.vscode\extensions\redhat.java-1.52.0-win32-x64\jre\21.0.9-win32-x86_64\bin\management.dll
0x00007ffef1460000 - 0x00007ffef146c000 	C:\Users\jungm\.vscode\extensions\redhat.java-1.52.0-win32-x64\jre\21.0.9-win32-x86_64\bin\management_ext.dll

JVMTI agents:
c:\Users\jungm\.vscode\extensions\redhat.java-1.52.0-win32-x64\lombok\lombok-1.18.39-4050.jar path:c:\Users\jungm\.vscode\extensions\redhat.java-1.52.0-win32-x64\jre\21.0.9-win32-x86_64\bin\instrument.dll, loaded, initialized, instrumentlib options:none

dbghelp: loaded successfully - version: 4.0.5 - missing functions: none
symbol engine: initialized successfully - sym options: 0x614 - pdb path: .;c:\Users\jungm\.vscode\extensions\redhat.java-1.52.0-win32-x64\jre\21.0.9-win32-x86_64\bin;C:\WINDOWS\SYSTEM32;C:\WINDOWS\WinSxS\amd64_microsoft.windows.common-controls_6595b64144ccf1df_6.0.19041.6456_none_60b8a6cb71f64256;c:\Users\jungm\.vscode\extensions\redhat.java-1.52.0-win32-x64\jre\21.0.9-win32-x86_64\bin\server;C:\Users\jungm\AppData\Roaming\Code\User\globalStorage\redhat.java\1.52.0\config_win\org.eclipse.equinox.launcher\org.eclipse.equinox.launcher.win32.win32.x86_64_1.2.1500.v20260121-1430;C:\Users\jungm\AppData\Local\Temp\jna--445264498;C:\Users\jungm\.gradle\native\1def1411415f61bf3af743bc5b6707747c0891f09f0c88961ee8f79bc544acac\windows-amd64

VM Arguments:
jvm_args: --add-modules=ALL-SYSTEM --add-opens=java.base/java.util=ALL-UNNAMED --add-opens=java.base/java.lang=ALL-UNNAMED --add-opens=java.base/sun.nio.fs=ALL-UNNAMED -Declipse.application=org.eclipse.jdt.ls.core.id1 -Dosgi.bundles.defaultStartLevel=4 -Declipse.product=org.eclipse.jdt.ls.core.product -Djava.import.generatesMetadataFilesAtProjectRoot=false -DDetectVMInstallationsJob.disabled=true -Dfile.encoding=utf8 -XX:+UseParallelGC -XX:GCTimeRatio=4 -XX:AdaptiveSizePolicyWeight=90 -Dsun.zip.disableMemoryMapping=true -Xmx2G -Xms100m -Xlog:disable -javaagent:c:\Users\jungm\.vscode\extensions\redhat.java-1.52.0-win32-x64\lombok\lombok-1.18.39-4050.jar -XX:+HeapDumpOnOutOfMemoryError -XX:HeapDumpPath=c:\Users\jungm\AppData\Roaming\Code\User\workspaceStorage\13ba4b384930c10f87a63ddda95ed11c\redhat.java -Daether.dependencyCollector.impl=bf 
java_command: c:\Users\jungm\.vscode\extensions\redhat.java-1.52.0-win32-x64\server\plugins\org.eclipse.equinox.launcher_1.7.100.v20251111-0406.jar -configuration c:\Users\jungm\AppData\Roaming\Code\User\globalStorage\redhat.java\1.52.0\config_win -data c:\Users\jungm\AppData\Roaming\Code\User\workspaceStorage\13ba4b384930c10f87a63ddda95ed11c\redhat.java\jdt_ws --pipe=\\.\pipe\lsp-fd0334136afa05c9cf71e55377b59084-sock
java_class_path (initial): c:\Users\jungm\.vscode\extensions\redhat.java-1.52.0-win32-x64\server\plugins\org.eclipse.equinox.launcher_1.7.100.v20251111-0406.jar
Launcher Type: SUN_STANDARD

[Global flags]
    uintx AdaptiveSizePolicyWeight                 = 90                                        {product} {command line}
     intx CICompilerCount                          = 12                                        {product} {ergonomic}
    uintx GCTimeRatio                              = 4                                         {product} {command line}
     bool HeapDumpOnOutOfMemoryError               = true                                   {manageable} {command line}
    ccstr HeapDumpPath                             = c:\Users\jungm\AppData\Roaming\Code\User\workspaceStorage\13ba4b384930c10f87a63ddda95ed11c\redhat.java         {manageable} {command line}
   size_t InitialHeapSize                          = 104857600                                 {product} {command line}
   size_t MaxHeapSize                              = 2147483648                                {product} {command line}
   size_t MaxNewSize                               = 715653120                                 {product} {ergonomic}
   size_t MinHeapDeltaBytes                        = 524288                                    {product} {ergonomic}
   size_t MinHeapSize                              = 104857600                                 {product} {command line}
   size_t NewSize                                  = 34603008                                  {product} {ergonomic}
    uintx NonNMethodCodeHeapSize                   = 7602480                                {pd product} {ergonomic}
    uintx NonProfiledCodeHeapSize                  = 122027880                              {pd product} {ergonomic}
   size_t OldSize                                  = 70254592                                  {product} {ergonomic}
    uintx ProfiledCodeHeapSize                     = 122027880                              {pd product} {ergonomic}
    uintx ReservedCodeCacheSize                    = 251658240                              {pd product} {ergonomic}
     bool SegmentedCodeCache                       = true                                      {product} {ergonomic}
   size_t SoftMaxHeapSize                          = 2147483648                             {manageable} {ergonomic}
     bool UseCompressedOops                        = true                           {product lp64_product} {ergonomic}
     bool UseLargePagesIndividualAllocation        = false                                  {pd product} {ergonomic}
     bool UseParallelGC                            = true                                      {product} {command line}

Logging:
Log output configuration:
 #0: stdout all=off uptime,level,tags foldmultilines=false
 #1: stderr all=off uptime,level,tags foldmultilines=false

Release file:
JAVA_VERSION="21.0.9" 
MODULES="java.base java.compiler java.datatransfer java.xml java.prefs java.desktop java.instrument java.logging java.management java.security.sasl java.naming java.rmi java.management.rmi java.net.http java.scripting java.security.jgss java.transaction.xa java.sql java.sql.rowset java.xml.crypto java.se java.smartcardio jdk.accessibility jdk.internal.jvmstat jdk.attach jdk.charsets jdk.internal.opt jdk.zipfs jdk.compiler jdk.crypto.ec jdk.crypto.cryptoki jdk.crypto.mscapi jdk.dynalink jdk.internal.ed jdk.editpad jdk.hotspot.agent jdk.httpserver jdk.internal.le jdk.internal.vm.ci jdk.internal.vm.compiler jdk.internal.vm.compiler.management jdk.jartool jdk.javadoc jdk.jcmd jdk.management jdk.management.agent jdk.jconsole jdk.jdeps jdk.jdwp.agent jdk.jdi jdk.jfr jdk.jshell jdk.jsobject jdk.jstatd jdk.localedata jdk.management.jfr jdk.naming.dns jdk.naming.rmi jdk.net jdk.nio.mapmode jdk.random jdk.sctp jdk.security.auth jdk.security.jgss jdk.unsupported jdk.unsupported.desktop jdk.xml.dom" 

Environment Variables:
JAVA_HOME=C:\Program Files\Java\jdk-17
CLASSPATH=C:\Program Files\Java\jdk-17\lib
PATH=C:\Program Files\Common Files\Oracle\Java\javapath;C:\Program Files (x86)\Common Files\Oracle\Java\javapath;C:\gradle-9.1.0\bin;C:\Program Files (x86)\VMware\VMware Player\bin\;C:\WINDOWS\system32;C:\WINDOWS;C:\WINDOWS\System32\Wbem;C:\WINDOWS\System32\WindowsPowerShell\v1.0\;C:\WINDOWS\System32\OpenSSH\;C:\Program Files\Git\cmd;C:\WINDOWS\SYSTEM32;C:\Program Files\Bandizip\;C:\Program Files\Amazon\AWSCLIV2\;C:\Program Files\Java\jdk-17\bin;C:\Program Files\MySQL\MySQL Server 8.0\bin;C:\WINDOWS\SYSTEM32;C:\Program Files\Java\jdk-17\bin\;C:\Program Files\Docker\Docker\resources\bin;C:\Program Files\nodejs\;C:\Program Files\cursor\resources\app\bin;C:\Users\jungm\.local\bin;C:\Python\Python38\Scripts\;C:\Python\Python38\;C:\Users\jungm\AppData\Local\Programs\Python\Python311\Scripts\;C:\Users\jungm\AppData\Local\Programs\Python\Python311\;C:\Users\jungm\AppData\Local\Microsoft\WindowsApps;C:\Users\jungm\AppData\Local\Programs\Fiddler;C:\Users\jungm\AppData\Local\Programs\Microsoft VS Code\bin;C:\Users\jungm\AppData\Local\Programs\cursor\resources\app\bin;C:\Users\jungm\AppData\Roaming\npm;C:\Users\jungm\AppData\Local\GitHubDesktop\bin;C:\Users\jungm\.local\bin;
USERNAME=kimtaewoo
TMPDIR=C:\Users\Public\Documents\ESTsoft\CreatorTemp
OS=Windows_NT
PROCESSOR_IDENTIFIER=Intel64 Family 6 Model 165 Stepping 5, GenuineIntel
TMP=C:\Users\jungm\AppData\Local\Temp
TEMP=C:\Users\jungm\AppData\Local\Temp




Periodic native trim disabled

---------------  S Y S T E M  ---------------

OS:
 Windows 10 , 64 bit Build 19041 (10.0.19041.5915)
OS uptime: 8 days 23:36 hours
Hyper-V role detected

CPU: total 16 (initial active 16) (8 cores per cpu, 2 threads per core) family 6 model 165 stepping 5 microcode 0xe2, cx8, cmov, fxsr, ht, mmx, 3dnowpref, sse, sse2, sse3, ssse3, sse4.1, sse4.2, popcnt, lzcnt, tsc, tscinvbit, avx, avx2, aes, erms, clmul, bmi1, bmi2, adx, fma, vzeroupper, clflush, clflushopt, hv, rdtscp, f16c
Processor Information for the first 16 processors :
  Max Mhz: 2904, Current Mhz: 2904, Mhz Limit: 2904

Memory: 4k page, system-wide physical 32690M (6693M free)
TotalPageFile size 130994M (AvailPageFile size 126M)
current process WorkingSet (physical memory assigned to process): 309M, peak: 404M
current process commit charge ("private bytes"): 395M, peak: 494M

vm_info: OpenJDK 64-Bit Server VM (21.0.9+10-LTS) for windows-amd64 JRE (21.0.9+10-LTS), built on 2025-10-21T00:00:00Z by "admin" with unknown MS VC++:1942

END.
